cdefo1-algo, CUDNN_CONVOLUTION_FWD_ALGO_IMPLICIT_GEMM, 14912.0
cdefo2-algo, CUDNN_CONVOLUTION_FWD_ALGO_IMPLICIT_PRECOMP_GEMM, 56448.0
cdefo3-algo, CUDNN_CONVOLUTION_FWD_ALGO_IMPLICIT_GEMM, 36192.0
cdefo4-algo, CUDNN_CONVOLUTION_FWD_ALGO_IMPLICIT_PRECOMP_GEMM, 57728.0
cdefo5-algo, CUDNN_CONVOLUTION_FWD_ALGO_IMPLICIT_PRECOMP_GEMM, 56128.0
cdefo6-algo, CUDNN_CONVOLUTION_FWD_ALGO_IMPLICIT_PRECOMP_GEMM, 141792.0
cres1-algo, CUDNN_CONVOLUTION_FWD_ALGO_IMPLICIT_PRECOMP_GEMM, 44576.0
cres10-algo, CUDNN_CONVOLUTION_FWD_ALGO_IMPLICIT_PRECOMP_GEMM, 138400.0
cres11-algo, CUDNN_CONVOLUTION_FWD_ALGO_IMPLICIT_GEMM, 24192.0
cres12-algo, CUDNN_CONVOLUTION_FWD_ALGO_IMPLICIT_PRECOMP_GEMM, 268864.0
cres2-algo, CUDNN_CONVOLUTION_FWD_ALGO_IMPLICIT_PRECOMP_GEMM, 59424.0
cres3-algo, CUDNN_CONVOLUTION_FWD_ALGO_IMPLICIT_GEMM, 12800.0
cres4-algo, CUDNN_CONVOLUTION_FWD_ALGO_IMPLICIT_PRECOMP_GEMM, 56736.0
cres5-algo, CUDNN_CONVOLUTION_FWD_ALGO_IMPLICIT_GEMM, 10688.0
cres6-algo, CUDNN_CONVOLUTION_FWD_ALGO_IMPLICIT_PRECOMP_GEMM, 142272.0
cres7-algo, CUDNN_CONVOLUTION_FWD_ALGO_IMPLICIT_PRECOMP_GEMM, 73088.0
cres8-algo, CUDNN_CONVOLUTION_FWD_ALGO_IMPLICIT_GEMM, 14176.0
cres9-algo, CUDNN_CONVOLUTION_FWD_ALGO_GEMM, 190112.0
cyolo0-algo, CUDNN_CONVOLUTION_FWD_ALGO_IMPLICIT_PRECOMP_GEMM, 135104.0
cyolo1-algo, CUDNN_CONVOLUTION_FWD_ALGO_IMPLICIT_PRECOMP_GEMM, 273952.0
cyolo2-algo, CUDNN_CONVOLUTION_FWD_ALGO_IMPLICIT_PRECOMP_GEMM, 297248.0
cyolo3-algo, CUDNN_CONVOLUTION_FWD_ALGO_IMPLICIT_PRECOMP_GEMM, 54752.0
cyolo4-algo, CUDNN_CONVOLUTION_FWD_ALGO_IMPLICIT_PRECOMP_GEMM, 357312.0
cyolo5-algo, CUDNN_CONVOLUTION_FWD_ALGO_IMPLICIT_PRECOMP_GEMM, 65312.0
cyolo6-algo, CUDNN_CONVOLUTION_FWD_ALGO_IMPLICIT_PRECOMP_GEMM, 511168.0
cyolo7-algo, CUDNN_CONVOLUTION_FWD_ALGO_IMPLICIT_PRECOMP_GEMM, 86592.0
cyolo8-algo, CUDNN_CONVOLUTION_FWD_ALGO_IMPLICIT_PRECOMP_GEMM, 613216.0
cyolo9-algo, CUDNN_CONVOLUTION_FWD_ALGO_IMPLICIT_PRECOMP_GEMM, 77632.0
