cdefo1-algo, CUDNN_CONVOLUTION_FWD_ALGO_IMPLICIT_GEMM, 20384.0
cdefo2-algo, CUDNN_CONVOLUTION_FWD_ALGO_IMPLICIT_PRECOMP_GEMM, 50400.0
cdefo3-algo, CUDNN_CONVOLUTION_FWD_ALGO_IMPLICIT_PRECOMP_GEMM, 41216.0
cdefo4-algo, CUDNN_CONVOLUTION_FWD_ALGO_IMPLICIT_PRECOMP_GEMM, 72224.0
cdefo5-algo, CUDNN_CONVOLUTION_FWD_ALGO_IMPLICIT_GEMM, 63840.0
cdefo6-algo, CUDNN_CONVOLUTION_FWD_ALGO_IMPLICIT_PRECOMP_GEMM, 216128.0
cres1-algo, CUDNN_CONVOLUTION_FWD_ALGO_IMPLICIT_GEMM, 50816.0
cres10-algo, CUDNN_CONVOLUTION_FWD_ALGO_IMPLICIT_PRECOMP_GEMM, 178656.0
cres11-algo, CUDNN_CONVOLUTION_FWD_ALGO_IMPLICIT_PRECOMP_GEMM, 37792.0
cres12-algo, CUDNN_CONVOLUTION_FWD_ALGO_IMPLICIT_PRECOMP_GEMM, 318720.0
cres2-algo, CUDNN_CONVOLUTION_FWD_ALGO_IMPLICIT_PRECOMP_GEMM, 71616.0
cres3-algo, CUDNN_CONVOLUTION_FWD_ALGO_IMPLICIT_GEMM, 20640.0
cres4-algo, CUDNN_CONVOLUTION_FWD_ALGO_IMPLICIT_GEMM, 62976.0
cres5-algo, CUDNN_CONVOLUTION_FWD_ALGO_IMPLICIT_GEMM, 20512.0
cres6-algo, CUDNN_CONVOLUTION_FWD_ALGO_IMPLICIT_PRECOMP_GEMM, 210624.0
cres7-algo, CUDNN_CONVOLUTION_FWD_ALGO_IMPLICIT_PRECOMP_GEMM, 104704.0
cres8-algo, CUDNN_CONVOLUTION_FWD_ALGO_IMPLICIT_GEMM, 25856.0
cres9-algo, CUDNN_CONVOLUTION_FWD_ALGO_IMPLICIT_PRECOMP_GEMM, 171520.0
cyolo0-algo, CUDNN_CONVOLUTION_FWD_ALGO_IMPLICIT_PRECOMP_GEMM, 103648.0
cyolo1-algo, CUDNN_CONVOLUTION_FWD_ALGO_IMPLICIT_PRECOMP_GEMM, 271072.0
cyolo2-algo, CUDNN_CONVOLUTION_FWD_ALGO_IMPLICIT_PRECOMP_GEMM, 268512.0
cyolo3-algo, CUDNN_CONVOLUTION_FWD_ALGO_IMPLICIT_PRECOMP_GEMM, 51360.0
cyolo4-algo, CUDNN_CONVOLUTION_FWD_ALGO_IMPLICIT_GEMM, 352544.0
cyolo5-algo, CUDNN_CONVOLUTION_FWD_ALGO_IMPLICIT_PRECOMP_GEMM, 55200.0
cyolo6-algo, CUDNN_CONVOLUTION_FWD_ALGO_IMPLICIT_PRECOMP_GEMM, 306112.0
cyolo7-algo, CUDNN_CONVOLUTION_FWD_ALGO_IMPLICIT_PRECOMP_GEMM, 62496.0
cyolo8-algo, CUDNN_CONVOLUTION_FWD_ALGO_GEMM, 471104.0
cyolo9-algo, CUDNN_CONVOLUTION_FWD_ALGO_IMPLICIT_GEMM, 104800.0
