res1
MM, Ansor-abs, CNNOpt-abs
Duration(ns), 67904.0, 48928.0
res2
MM, Ansor-abs, CNNOpt-abs
Duration(ns), 56896.0, 40320.0
res3
MM, Ansor-abs, CNNOpt-abs
Duration(ns), 17184.0, 24896.0
res4
MM, Ansor-abs, CNNOpt-abs
Duration(ns), 56064.0, 34848.0
res5
MM, Ansor-abs, CNNOpt-abs
Duration(ns), 22944.0, 21536.0
res6
MM, Ansor-abs, CNNOpt-abs
Duration(ns), 68704.0, 42784.0
res7
MM, Ansor-abs, CNNOpt-abs
Duration(ns), 91136.0, 38304.0
res8
MM, Ansor-abs, CNNOpt-abs
Duration(ns), 25024.0, 22048.0
res9
MM, Ansor-abs, CNNOpt-abs
Duration(ns), 87776.0, 45056.0
res10
MM, Ansor-abs, CNNOpt-abs
Duration(ns), 100672.0, 39584.0
res11
MM, Ansor-abs, CNNOpt-abs
Duration(ns), 20832.0, 26656.0
res12
MM, Ansor-abs, CNNOpt-abs
Duration(ns), 273440.0, 73664.0
yolo0
MM, Ansor-abs, CNNOpt-abs
Duration(ns), 137536.0, 89280.0
yolo1
MM, Ansor-abs, CNNOpt-abs
Duration(ns), 381952.0, 281568.0
yolo2
MM, Ansor-abs, CNNOpt-abs
Duration(ns), 338912.0, 296992.0
yolo3
MM, Ansor-abs, CNNOpt-abs
Duration(ns), 69184.0, 102368.0
yolo4
MM, Ansor-abs, CNNOpt-abs
Duration(ns), 450848.0, 307264.0
yolo5
MM, Ansor-abs, CNNOpt-abs
Duration(ns), 61536.0, 102880.0
yolo6
MM, Ansor-abs, CNNOpt-abs
Duration(ns), 499168.0, 315136.0
yolo7
MM, Ansor-abs, CNNOpt-abs
Duration(ns), 68256.0, 102688.0
yolo8
MM, Ansor-abs, CNNOpt-abs
Duration(ns), 618496.0, 330432.0
yoll9
MM, Ansor-abs, CNNOpt-abs
Duration(ns), 112992.0, 102784.0
defo1
MM, Ansor-abs, CNNOpt-abs
Duration(ns), 13472.0, 14208.0
defo2
MM, Ansor-abs, CNNOpt-abs
Duration(ns), 62976.0, 44512.0
defo3
MM, Ansor-abs, CNNOpt-abs
Duration(ns), 33152.0, 28448.0
defo4
MM, Ansor-abs, CNNOpt-abs
Duration(ns), 55136.0, 42656.0
defo5
MM, Ansor-abs, CNNOpt-abs
Duration(ns), 61920.0, 28448.0
defo6
MM, Ansor-abs, CNNOpt-abs
Duration(ns), 77376.0, 41888.0
