R1
MM, Ansor-abs, CNNOpt-abs
Duration(ns), 50144.0, 44384.0
l1tex__data_pipe_lsu_wavefronts_mem_shared.sum, 1471616.0, 609858.0
R2
MM, Ansor-abs, CNNOpt-abs
Duration(ns), 45696.0, 44832
l1tex__data_pipe_lsu_wavefronts_mem_shared.sum, 972944.0, 650875
R3
MM, Ansor-abs, CNNOpt-abs
Duration(ns), 10368.0, 21216
l1tex__data_pipe_lsu_wavefronts_mem_shared.sum, 170128.0, 289603
R4
MM, Ansor-abs, CNNOpt-abs
Duration(ns), 31616.0, 32000.0
l1tex__data_pipe_lsu_wavefronts_mem_shared.sum, 654976.0, 654134.0
R5
MM, Ansor-abs, CNNOpt-abs
Duration(ns), 9152.0, 20960.0
l1tex__data_pipe_lsu_wavefronts_mem_shared.sum, 144984.0, 284032.0
R6
MM, Ansor-abs, CNNOpt-abs
Duration(ns), 74688.0, 44672
l1tex__data_pipe_lsu_wavefronts_mem_shared.sum, 1510390.0, 844846
R7
MM, Ansor-abs, CNNOpt-abs
Duration(ns), 47360.0, 33312.0
l1tex__data_pipe_lsu_wavefronts_mem_shared.sum, 1318800.0, 405888.0
R8
MM, Ansor-abs, CNNOpt-abs
Duration(ns), 16672.0, 21312.0
l1tex__data_pipe_lsu_wavefronts_mem_shared.sum, 380001.0, 212352.0
R9
MM, Ansor-abs, CNNOpt-abs
Duration(ns), 91200.0, 47552
l1tex__data_pipe_lsu_wavefronts_mem_shared.sum, 2814464.0, 726655
R10
MM, Ansor-abs, CNNOpt-abs
Duration(ns), 80032.0, 43424.0
l1tex__data_pipe_lsu_wavefronts_mem_shared.sum, 1670272.0, 464000.0
R11
MM, Ansor-abs, CNNOpt-abs
Duration(ns), 16448.0, 25152.0
l1tex__data_pipe_lsu_wavefronts_mem_shared.sum, 312032.0, 219520.0
R12
MM, Ansor-abs, CNNOpt-abs
Duration(ns), 116288.0, 66528.0
l1tex__data_pipe_lsu_wavefronts_mem_shared.sum, 3450496.0, 1012224.0
YOL1
MM, Ansor-abs, CNNOpt-abs
Duration(ns), 107168.0, 112384
l1tex__data_pipe_lsu_wavefronts_mem_shared.sum, 2173824.0, 2319834
YOL2
MM, Ansor-abs, CNNOpt-abs
Duration(ns), 368992.0, 317152
l1tex__data_pipe_lsu_wavefronts_mem_shared.sum, 9092538.0, 8045222
YOL3
MM, Ansor-abs, CNNOpt-abs
Duration(ns), 398016.0, 301280
l1tex__data_pipe_lsu_wavefronts_mem_shared.sum, 8056776.0, 7545282
YOL4
MM, Ansor-abs, CNNOpt-abs
Duration(ns), 64896.0, 141024
l1tex__data_pipe_lsu_wavefronts_mem_shared.sum, 1522384.0, 1742111
YOL5
MM, Ansor-abs, CNNOpt-abs
Duration(ns), 368160.0, 326656
l1tex__data_pipe_lsu_wavefronts_mem_shared.sum, 7180791.0, 6193509
YOL6
MM, Ansor-abs, CNNOpt-abs
Duration(ns), 68064.0, 100768
l1tex__data_pipe_lsu_wavefronts_mem_shared.sum, 1947689.0, 1622871
YOL7
MM, Ansor-abs, CNNOpt-abs
Duration(ns), 356416.0, 326816
l1tex__data_pipe_lsu_wavefronts_mem_shared.sum, 7311632.0, 6192700
YOL8
MM, Ansor-abs, CNNOpt-abs
Duration(ns), 82208.0, 102400
l1tex__data_pipe_lsu_wavefronts_mem_shared.sum, 2272424.0, 1623541
YOL9
MM, Ansor-abs, CNNOpt-abs
Duration(ns), 512832.0, 346144.0
l1tex__data_pipe_lsu_wavefronts_mem_shared.sum, 12025697.0, 4553931.0
YOL10
MM, Ansor-abs, CNNOpt-abs
Duration(ns), 124096.0, 102016.0
l1tex__data_pipe_lsu_wavefronts_mem_shared.sum, 3875456.0, 1623423.0
DEF1
MM, Ansor-abs, CNNOpt-abs
Duration(ns), 8736.0, 10176
l1tex__data_pipe_lsu_wavefronts_mem_shared.sum, 109404.0, 166536
DEF2
MM, Ansor-abs, CNNOpt-abs
Duration(ns), 41280.0, 43840
l1tex__data_pipe_lsu_wavefronts_mem_shared.sum, 679968.0, 640281
DEF3
MM, Ansor-abs, CNNOpt-abs
Duration(ns), 26912.0, 29120
l1tex__data_pipe_lsu_wavefronts_mem_shared.sum, 402408.0, 435351
DEF4
MM, Ansor-abs, CNNOpt-abs
Duration(ns), 63872.0, 45856
l1tex__data_pipe_lsu_wavefronts_mem_shared.sum, 1175232.0, 640475
DEF5
MM, Ansor-abs, CNNOpt-abs
Duration(ns), 41664.0, 29152.0
l1tex__data_pipe_lsu_wavefronts_mem_shared.sum, 1093824.0, 463348.0
DEF6
MM, Ansor-abs, CNNOpt-abs
Duration(ns), 60768.0, 46240.0
l1tex__data_pipe_lsu_wavefronts_mem_shared.sum, 1218432.0, 926948.0
