R1
MM, Ansor-abs, CNNOpt-abs
Duration(ns), 67904.0, 48928.0
l1tex__data_pipe_lsu_wavefronts_mem_shared.sum, 917779.0, 991940.0
R2
MM, Ansor-abs, CNNOpt-abs
Duration(ns), 56896.0, 40320
l1tex__data_pipe_lsu_wavefronts_mem_shared.sum, 2571701.0, 745976
R4
MM, Ansor-abs, CNNOpt-abs
Duration(ns), 56064.0, 34848.0
l1tex__data_pipe_lsu_wavefronts_mem_shared.sum, 1535289.0, 823187.0
R6
MM, Ansor-abs, CNNOpt-abs
Duration(ns), 68704.0, 42784
l1tex__data_pipe_lsu_wavefronts_mem_shared.sum, 2361740.0, 690851
R7
MM, Ansor-abs, CNNOpt-abs
Duration(ns), 91136.0, 38304.0
l1tex__data_pipe_lsu_wavefronts_mem_shared.sum, 2631732.0, 757730.0
R9
MM, Ansor-abs, CNNOpt-abs
Duration(ns), 87776.0, 45056
l1tex__data_pipe_lsu_wavefronts_mem_shared.sum, 3962992.0, 737592
R10
MM, Ansor-abs, CNNOpt-abs
Duration(ns), 100672.0, 39584.0
l1tex__data_pipe_lsu_wavefronts_mem_shared.sum, 3112550.0, 1034881.0
R12
MM, Ansor-abs, CNNOpt-abs
Duration(ns), 273440.0, 73664.0
l1tex__data_pipe_lsu_wavefronts_mem_shared.sum, 2996963.0, 1381306.0
YOL1
MM, Ansor-abs, CNNOpt-abs
Duration(ns), 137536.0, 89280
l1tex__data_pipe_lsu_wavefronts_mem_shared.sum, 3971033.0, 3406845
YOL2
MM, Ansor-abs, CNNOpt-abs
Duration(ns), 381952.0, 281568
l1tex__data_pipe_lsu_wavefronts_mem_shared.sum, 16174167.0, 8356491
YOL3
MM, Ansor-abs, CNNOpt-abs
Duration(ns), 338912.0, 296992
l1tex__data_pipe_lsu_wavefronts_mem_shared.sum, 19017696.0, 7679598
YOL5
MM, Ansor-abs, CNNOpt-abs
Duration(ns), 450848.0, 307264
l1tex__data_pipe_lsu_wavefronts_mem_shared.sum, 14433029.0, 9837920
YOL7
MM, Ansor-abs, CNNOpt-abs
Duration(ns), 499168.0, 315136
l1tex__data_pipe_lsu_wavefronts_mem_shared.sum, 19077607.0, 17832768
YOL9
MM, Ansor-abs, CNNOpt-abs
Duration(ns), 618496.0, 330432.0
l1tex__data_pipe_lsu_wavefronts_mem_shared.sum, 30882791.0, 4900575.0
DEF1
MM, Ansor-abs, CNNOpt-abs
Duration(ns), 13472.0, 14208
l1tex__data_pipe_lsu_wavefronts_mem_shared.sum, 115920.0, 165207
DEF2
MM, Ansor-abs, CNNOpt-abs
Duration(ns), 62976.0, 44512
l1tex__data_pipe_lsu_wavefronts_mem_shared.sum, 1259843.0, 1052933
DEF3
MM, Ansor-abs, CNNOpt-abs
Duration(ns), 33152.0, 28448
l1tex__data_pipe_lsu_wavefronts_mem_shared.sum, 1153874.0, 760256
DEF4
MM, Ansor-abs, CNNOpt-abs
Duration(ns), 55136.0, 42656
l1tex__data_pipe_lsu_wavefronts_mem_shared.sum, 2722142.0, 1052889
DEF5
MM, Ansor-abs, CNNOpt-abs
Duration(ns), 61920.0, 28448.0
l1tex__data_pipe_lsu_wavefronts_mem_shared.sum, 3300694.0, 760412.0
DEF6
MM, Ansor-abs, CNNOpt-abs
Duration(ns), 77376.0, 41888.0
l1tex__data_pipe_lsu_wavefronts_mem_shared.sum, 1884637.0, 1529957.0
