yolo8          Time   Predict
0     387.600  0.000000
1     387.200  0.003903
2     465.710  0.004108
3     380.510  0.004117
4     380.495  0.004177
..        ...       ...
709  3429.775  0.968852
710  1980.595  0.983158
711  5508.540  0.986499
712  2782.530  0.989454
713  2343.585  1.000000

[802 rows x 2 columns]
defo1        Time   Predict
0     14.82  0.000000
1     11.90  0.025113
2     11.42  0.103246
3     15.01  0.140478
4     15.58  0.157843
..      ...       ...
821  134.05  0.762251
822  101.84  0.769269
823  112.48  0.898122
824  134.16  0.916242
825  201.86  1.000000

[842 rows x 2 columns]
defo3        Time   Predict
0    64.540  0.000000
1    59.100  0.000314
2    73.025  0.000540
3    80.220  0.000592
4    46.895  0.000871
..      ...       ...
9    44.625  0.414275
10   60.465  0.485973
11  104.525  0.586174
12   92.945  0.661115
13   94.640  1.000000

[2300 rows x 2 columns]
defo4          Time   Predict
0      72.130  0.000000
1      79.570  0.011399
2      84.595  0.083554
3      80.990  0.108724
4      91.985  0.114792
...       ...       ...
2281  714.690  0.962228
2282  752.015  0.973597
2283  813.235  0.976950
2284  826.910  0.988658
2285  740.915  1.000000

[2300 rows x 2 columns]
res6          Time   Predict
0     127.825  0.000000
1     127.825  0.013994
2     132.625  0.017130
3     119.885  0.020858
4     129.200  0.023922
...       ...       ...
2059  299.140  0.974081
2060  359.905  0.975146
2061  311.230  0.979344
2062  312.465  0.986393
2063  333.520  1.000000

[2161 rows x 2 columns]
yolo2         Time   Predict
0    491.840  0.000000
1    541.680  0.000382
2    532.895  0.000512
3    522.335  0.000665
4    529.715  0.000889
..       ...       ...
87  1889.200  0.938030
88  2263.710  0.954355
89  1885.920  0.958195
90  2519.615  0.992179
91  2523.325  1.000000

[1712 rows x 2 columns]
yolo12         Time   Predict
0    339.340  0.000000
1    338.880  0.000391
2    380.595  0.000450
3    379.820  0.000876
4    376.640  0.000982
..       ...       ...
40  1980.035  0.692346
41  1632.640  0.713622
42  2052.290  0.750737
43  2049.280  0.751255
44  3992.255  1.000000

[321 rows x 2 columns]
res2         Time   Predict
0     47.970  0.000000
1     46.035  0.001776
2     46.210  0.002007
3     47.870  0.002127
4     48.765  0.002132
..       ...       ...
108  243.855  0.910281
109  181.170  0.914103
110  184.205  0.923667
111  184.380  0.955766
112  184.380  1.000000

[2429 rows x 2 columns]
res9        Time   Predict
0    68.960  0.000000
1    49.520  0.000040
2    54.660  0.000512
3    81.500  0.000523
4    53.380  0.000698
..      ...       ...
58  622.910  0.452914
59  605.855  0.531452
60  537.745  0.634625
61  855.680  0.652578
62  905.170  1.000000

[1017 rows x 2 columns]
yolo4           Time   Predict
0      390.285  0.000000
1      378.960  0.002246
2      375.410  0.002596
3      375.070  0.002600
4      378.720  0.002664
...        ...       ...
1279  4819.055  0.949615
1280  2507.325  0.981761
1281  4885.475  0.992846
1282  4158.560  0.999133
1283  2879.825  1.000000

[1387 rows x 2 columns]
yolo0        Time   Predict
0   191.855  0.000000
1   182.625  0.000185
2   195.745  0.002418
3   208.190  0.002818
4   177.360  0.006334
..      ...       ...
69  398.975  0.559878
70  251.140  0.560091
71  322.925  0.579314
72  603.805  0.586444
73  187.630  1.000000

[368 rows x 2 columns]
defo2        Time   Predict
0   109.440  0.000000
1    90.335  0.003322
2    87.780  0.004791
3    86.850  0.005688
4    80.465  0.008943
..      ...       ...
11   82.290  0.223139
12   71.135  0.230523
13   93.075  0.413477
14  113.185  0.523811
15  174.450  1.000000

[2494 rows x 2 columns]
defo1         Time   Predict
0     14.820  0.000000
0     18.660  0.000000
1     23.360  0.005492
2     17.745  0.006717
3     22.640  0.006851
..       ...       ...
822  101.840  0.769269
823  112.480  0.898122
824  134.160  0.916242
15    29.280  1.000000
825  201.860  1.000000

[842 rows x 2 columns]
defo1, :=best 11.42,  0.95, perc at, 73, candid time ,11.9 
defo3          Time   Predict
0      64.540  0.000000
0      43.070  0.000000
1      59.100  0.000314
2      73.025  0.000540
3      80.220  0.000592
...       ...       ...
2282  864.510  0.976618
2283  652.130  0.979897
2284  734.690  0.982703
2285  725.745  1.000000
13     94.640  1.000000

[2300 rows x 2 columns]
defo3, :=best 29.97,  0.95, perc at, 44, candid time ,30.94 
res4*          Time   Predict
0      36.030  0.000000
1      37.760  0.001554
2      39.280  0.002685
3      38.620  0.002688
4      42.445  0.003533
...       ...       ...
1393  592.290  0.531124
1394  291.985  0.543868
1395  672.525  0.702704
1396  209.700  0.959702
1397  228.580  1.000000

[1398 rows x 2 columns]
res4*, :=best 35.3,  0.95, perc at, 1, candid time ,36.03 
yolo0          Time   Predict
0     191.855  0.000000
0     160.865  0.000000
1     182.625  0.000185
2     195.745  0.002418
1     161.025  0.002432
..        ...       ...
290  2354.865  0.718593
291  3176.770  0.753165
292  3166.815  0.813585
293  4801.025  1.000000
73    187.630  1.000000

[368 rows x 2 columns]
yolo0, :=best 123.25,  0.95, perc at, 96, candid time ,127.6 
res11*         Time   Predict
0     26.225  0.000000
1     35.315  0.006121
2     26.690  0.006213
3     32.380  0.014989
4     27.555  0.016460
..       ...       ...
145  211.635  0.738113
146  213.220  0.741054
147  368.960  0.751019
148  121.540  0.777169
149  219.920  1.000000

[150 rows x 2 columns]
res11*, :=best 26.225,  0.95, perc at, 1, candid time ,26.225 
defo4          Time   Predict
0      72.130  0.000000
0      89.885  0.000000
1     108.960  0.000569
2      75.260  0.000711
3      79.550  0.000853
...       ...       ...
2282  752.015  0.973597
2283  813.235  0.976950
2284  826.910  0.988658
13    176.830  1.000000
2285  740.915  1.000000

[2300 rows x 2 columns]
defo4, :=best 45.98,  0.95, perc at, 69, candid time ,47.25 
res1*         Time   Predict
0     47.825  0.000000
1     47.100  0.004422
2     49.645  0.005552
3     50.785  0.008586
4     47.170  0.012885
..       ...       ...
419  378.095  0.884172
420  399.795  0.915257
421  381.105  0.930231
422  356.115  0.946699
423  434.690  1.000000

[424 rows x 2 columns]
res1*, :=best 46.705,  0.95, perc at, 1, candid time ,47.825 
yolo18          Time   Predict
0     398.080  0.000000
1     481.340  0.007802
2     571.680  0.014540
3     630.850  0.015814
4     649.520  0.018276
5     463.215  0.020921
6     408.115  0.021326
7     664.770  0.023254
8     384.705  0.025383
9     477.795  0.028112
10    607.905  0.031746
11    355.390  0.032859
12    665.665  0.040546
13    421.540  0.040850
14    507.875  0.044382
15    516.830  0.044391
16    804.830  0.046168
17    687.250  0.070967
18    955.215  0.094627
19   1353.120  0.120035
20   1850.500  0.152103
21   3751.165  0.675012
22   6728.845  0.687870
23   4338.115  0.695990
24   3449.935  0.700550
25   4361.630  0.723668
26   6560.850  0.724635
27   6533.840  0.724754
28   6824.700  0.732093
29   3578.415  0.734734
30   5083.230  0.740664
31   6016.320  0.743011
32   4706.910  0.753275
33   4389.155  0.757761
34   8332.960  0.760184
35   6894.705  0.771184
36   4348.720  0.786041
37   8560.510  0.862899
38  11278.880  0.875712
39   8606.510  0.877292
40   5860.125  0.887309
41   4155.070  0.888498
42  10053.555  0.902540
43   5752.865  0.936122
44   4963.390  0.943931
45   5052.305  0.949141
46   7080.095  0.950470
47   8404.335  0.953798
48   7504.465  0.960212
49   4230.385  0.981450
50   3680.110  0.991929
51   3448.865  1.000000
yolo18, :=best 355.39,  0.95, perc at, 12, candid time ,355.39 
res2          Time   Predict
0      47.970  0.000000
0      70.910  0.000000
1      46.035  0.001776
2      46.210  0.002007
3      47.870  0.002127
...       ...       ...
2312  819.120  0.980172
2313  924.525  0.984307
2314  771.550  0.997193
2315  845.760  1.000000
112   184.380  1.000000

[2429 rows x 2 columns]
res2, :=best 46.035,  0.95, perc at, 1, candid time ,47.97 
yolo8          Time   Predict
0     387.600  0.000000
0     497.340  0.000000
1     504.670  0.000600
2     605.715  0.001677
1     387.200  0.003903
..        ...       ...
711  5508.540  0.986499
712  2782.530  0.989454
86   1324.480  0.999313
87   1325.020  1.000000
713  2343.585  1.000000

[802 rows x 2 columns]
yolo8, :=best 341.07,  0.95, perc at, 9, candid time ,349.725 
defo2           Time   Predict
0      109.440  0.000000
0       52.690  0.000000
1       90.335  0.003322
2       87.780  0.004791
3       86.850  0.005688
...        ...       ...
2474   464.865  0.972290
2475  1371.885  0.976284
2476  1396.770  0.993961
2477   778.720  1.000000
15     174.450  1.000000

[2494 rows x 2 columns]
defo2, :=best 44.465,  0.95, perc at, 111, candid time ,45.95 
res8*         Time   Predict
0     24.365  0.000000
1     21.250  0.001990
2     21.890  0.002241
3     21.410  0.002555
4     22.720  0.002597
..       ...       ...
901  283.840  0.799254
902  326.590  0.813681
903  291.650  0.832320
904  410.765  0.992175
905  124.350  1.000000

[906 rows x 2 columns]
res8*, :=best 21.18,  0.95, perc at, 2, candid time ,21.25 
yolo13          Time   Predict
0     113.965  0.000000
1     115.260  0.000901
2      94.400  0.000960
3     127.840  0.001882
4     170.050  0.002270
..        ...       ...
374   562.590  0.925247
375  1829.170  0.938963
376  1867.805  0.939353
377  4392.110  0.944274
378  3108.190  1.000000

[379 rows x 2 columns]
yolo13, :=best 82.18,  0.95, perc at, 16, candid time ,85.10000000000001 
res9         Time   Predict
0     68.960  0.000000
0    181.040  0.000000
1     49.520  0.000040
2     54.660  0.000512
3     81.500  0.000523
..       ...       ...
950  392.735  0.989303
951  229.535  0.992231
952  352.030  0.999396
953  654.300  1.000000
62   905.170  1.000000

[1017 rows x 2 columns]
res9, :=best 49.325,  0.95, perc at, 3, candid time ,49.52 
res6          Time   Predict
0     127.825  0.000000
0      48.915  0.000000
1      57.860  0.000448
2      46.350  0.000916
3      58.910  0.000928
...       ...       ...
2060  359.905  0.975146
2061  311.230  0.979344
2062  312.465  0.986393
96    459.140  1.000000
2063  333.520  1.000000

[2161 rows x 2 columns]
res6, :=best 46.035,  0.95, perc at, 4, candid time ,46.35 
yolo12          Time   Predict
0     339.340  0.000000
0     452.335  0.000000
1     338.880  0.000391
2     380.595  0.000450
3     379.820  0.000876
..        ...       ...
272  2189.395  0.991559
273  3530.640  0.993572
274  2079.695  0.997302
275  1970.975  1.000000
44   3992.255  1.000000

[321 rows x 2 columns]
yolo12, :=best 338.88,  0.95, perc at, 1, candid time ,339.34 
res5*          Time   Predict
0      24.435  0.000000
1      34.850  0.001367
2      22.735  0.001823
3      21.715  0.001970
4      21.340  0.002091
...       ...       ...
1453  440.930  0.811492
1454  451.940  0.853782
1455  559.550  0.990714
1456  634.660  0.996491
1457  496.030  1.000000

[1458 rows x 2 columns]
res5*, :=best 21.2,  0.95, perc at, 4, candid time ,21.715 
yolo2            Time   Predict
0       491.840  0.000000
0       412.400  0.000000
1       541.680  0.000382
1       394.340  0.000500
2       532.895  0.000512
...         ...       ...
90     2519.615  0.992179
1617  12221.790  0.994689
1618  10870.130  0.999814
1619  12401.265  1.000000
91     2523.325  1.000000

[1712 rows x 2 columns]
yolo2, :=best 329.485,  0.95, perc at, 8, candid time ,343.65000000000003 
res7*         Time   Predict
0     35.710  0.000000
1     37.230  0.000864
2     38.815  0.001160
3     38.590  0.001496
4     37.310  0.002080
..       ...       ...
871  410.895  0.792482
872  401.760  0.805174
873  439.520  0.904489
874  634.940  0.942213
875  659.390  1.000000

[876 rows x 2 columns]
res7*, :=best 35.71,  0.95, perc at, 1, candid time ,35.71 
res3          Time   Predict
0      27.710  0.000000
1      28.160  0.000784
2      28.400  0.000850
3      27.780  0.001235
4      32.560  0.001616
...       ...       ...
4044  174.255  0.862858
4045   64.350  0.917710
4046  190.225  0.918025
4047   92.350  0.955908
4048  173.985  1.000000

[4049 rows x 2 columns]
res3, :=best 10.575,  0.95, perc at, 1052, candid time ,10.995 
res12          Time   Predict
0     239.810  0.000000
1     456.255  0.000823
2     441.250  0.000909
3      93.250  0.001108
4     111.980  0.001885
..        ...       ...
154   519.010  0.926540
155   293.090  0.926696
156   979.695  0.934237
157  5429.695  0.964641
158  1911.555  1.000000

[159 rows x 2 columns]
res12, :=best 69.235,  0.95, perc at, 34, candid time ,69.235 
defo5         Time   Predict
0     54.065  0.000000
1     57.905  0.000198
2     57.200  0.000380
3     53.485  0.000425
4     40.400  0.001016
..       ...       ...
703  132.800  0.976107
704  259.475  0.979015
705  187.535  0.979634
706  394.910  0.991284
707  434.480  1.000000

[708 rows x 2 columns]
defo5, :=best 31.65,  0.95, perc at, 31, candid time ,32.88 
yolo4           Time   Predict
0      390.285  0.000000
0      533.155  0.000000
1      505.795  0.000182
2      513.170  0.000287
3      519.170  0.000908
...        ...       ...
1281  4885.475  0.992846
101   1690.430  0.998428
1282  4158.560  0.999133
102   1703.375  1.000000
1283  2879.825  1.000000

[1387 rows x 2 columns]
yolo4, :=best 311.37499999999994,  0.95, perc at, 25, candid time ,322.995 
yolo9           Time   Predict
0       78.620  0.000000
1       97.135  0.000122
2       78.735  0.000207
3       77.840  0.000222
4       77.950  0.000480
...        ...       ...
1394   565.885  0.861240
1395   913.455  0.902334
1396   786.160  0.929416
1397   809.760  0.935973
1398  1416.545  1.000000

[1399 rows x 2 columns]
yolo9, :=best 68.355,  0.95, perc at, 253, candid time ,69.485 
yolo5           Time   Predict
0       56.560  0.000000
1       55.695  0.000162
2       64.720  0.000218
3       67.695  0.000518
4       66.625  0.000539
...        ...       ...
2695  1492.160  0.745423
2696  2587.200  0.891723
2697  3204.205  0.912047
2698  2601.230  0.933058
2699  5648.940  1.000000

[2700 rows x 2 columns]
yolo5, :=best 55.695,  0.95, perc at, 1, candid time ,56.56 
defo6         Time   Predict
0     83.140  0.000000
1     83.010  0.000012
2     79.740  0.000309
3     80.480  0.000567
4     64.700  0.001520
..       ...       ...
703  216.430  0.960028
704  239.760  0.963378
705  236.225  0.970342
706  326.560  0.976704
707  300.175  1.000000

[708 rows x 2 columns]
defo6, :=best 48.525,  0.95, perc at, 26, candid time ,50.53 
res10*          Time   Predict
0      45.985  0.000000
1      53.185  0.001306
2      53.235  0.002276
3      43.010  0.003687
4      47.900  0.004306
..        ...       ...
145   668.160  0.783356
146   921.215  0.795177
147   942.915  0.809739
148  1624.030  0.887449
149  1690.045  1.000000

[150 rows x 2 columns]
res10*, :=best 43.01,  0.95, perc at, 4, candid time ,43.01 
yolo19         Time   Predict
0    121.555  0.000000
1    137.920  0.001077
2    162.560  0.001299
3    245.250  0.001423
4    272.800  0.001635
5     97.470  0.001948
6    125.250  0.004845
7    228.290  0.005330
8    150.255  0.007695
9    139.570  0.008698
10   110.460  0.009436
11   209.680  0.013978
12   219.565  0.014400
13   242.925  0.022220
14   155.200  0.023730
15   394.690  0.028924
16   384.045  0.029810
17   771.425  0.033620
18   744.495  0.034401
19   455.955  0.044432
20   261.250  0.048708
21   885.075  0.051467
22   469.295  0.088000
23   897.020  0.105425
24  1407.455  0.422278
25  1042.910  0.476948
26  1628.910  0.528002
27  1442.820  0.529006
28  1391.520  0.531617
29   872.000  0.531860
30  2010.660  0.543246
31  1466.240  0.556616
32  1717.200  0.561290
33  2780.415  0.565371
34  2635.920  0.566130
35   839.200  0.568364
36  3153.120  0.569344
37  2658.060  0.570994
38  1139.620  0.582322
39  2962.015  0.586680
40  2703.870  0.590437
41   931.025  0.620023
42  1207.775  0.634765
43   831.040  0.644608
44  1068.945  0.681472
45   681.470  0.802993
46   851.840  0.819972
47   665.040  0.835276
48   776.720  0.838492
49   813.820  0.846537
50   789.345  0.882438
51   730.850  0.892525
52   772.830  0.897864
53  1040.305  1.000000
yolo19, :=best 97.47,  0.95, perc at, 6, candid time ,97.47 
