working path  /home/yufan/gpu_kernel_design/zeus-ML/new-halfhalf/dir_rs3odd_dataset
working file  Reg.timesForProblem128x27x27_128_3.csv
-------------------------shuffling  Reg.timesForProblem128x27x27_128_3
working file  test_set_rskernel.csv
working file  Reg.timesForProblem512x7x7_512_3.csv
-------------------------shuffling  Reg.timesForProblem512x7x7_512_3
working file  Reg.timesForProblem1024x17x17_512_3.csv
-------------------------shuffling  Reg.timesForProblem1024x17x17_512_3
working file  Reg.timesForProblem128x27x27_64_3.csv
-------------------------shuffling  Reg.timesForProblem128x27x27_64_3
working file  train_set_c_rskernel_test.csv
working file  train_set_c_rskernel.csv
Done shuffling
~~ alt :  1
-------------------------handling  /home/yufan/gpu_kernel_design/zeus-ML/new-halfhalf/dir_rs3odd_dataset/Reg.timesForProblem128x27x27_128_3
~~ alt :  1
-------------------------handling  /home/yufan/gpu_kernel_design/zeus-ML/new-halfhalf/dir_rs3odd_dataset/Reg.timesForProblem512x7x7_512_3
~~ alt :  1
-------------------------handling  /home/yufan/gpu_kernel_design/zeus-ML/new-halfhalf/dir_rs3odd_dataset/Reg.timesForProblem1024x17x17_512_3
~~ alt :  1
-------------------------handling  /home/yufan/gpu_kernel_design/zeus-ML/new-halfhalf/dir_rs3odd_dataset/Reg.timesForProblem128x27x27_64_3
working path  /home/yufan/gpu_kernel_design/zeus-ML/new-halfhalf/dir_rs1odd_dataset
working file  test_set_rskernel.csv
working file  Reg.timesForProblem512x17x17_1024_1.csv
-------------------------shuffling  Reg.timesForProblem512x17x17_1024_1
working file  train_set_c_rskernel_test.csv
working file  train_set_c_rskernel.csv
Done shuffling
~~ alt :  1
-------------------------handling  /home/yufan/gpu_kernel_design/zeus-ML/new-halfhalf/dir_rs1odd_dataset/Reg.timesForProblem512x17x17_1024_1
working path  /home/yufan/gpu_kernel_design/zeus-ML/new-halfhalf/dir_st2_dataset
working file  Reg.timesForProblem512x7x7_256_3.csv
-------------------------shuffling  Reg.timesForProblem512x7x7_256_3
working file  Reg.timesForProblem128x28x28_64_1.csv
-------------------------shuffling  Reg.timesForProblem128x28x28_64_1
working file  test_set_c_rskernel_stride2.csv
working file  Reg.timesForProblem128x28x28_64_3.csv
-------------------------shuffling  Reg.timesForProblem128x28x28_64_3
working file  train_set_c_rskernel_stride2_test.csv
working file  train_set_c_rskernel_stride2.csv
working file  Reg.timesForProblem64x112x112_3_7.csv
-------------------------shuffling  Reg.timesForProblem64x112x112_3_7
working file  Reg.timesForProblem512x7x7_256_1.csv
-------------------------shuffling  Reg.timesForProblem512x7x7_256_1
working file  Reg.timesForProblem256x14x14_128_1.csv
-------------------------shuffling  Reg.timesForProblem256x14x14_128_1
working file  Reg.timesForProblem256x14x14_128_3.csv
-------------------------shuffling  Reg.timesForProblem256x14x14_128_3
Done shuffling
~~ alt :  1
-------------------------handling  /home/yufan/gpu_kernel_design/zeus-ML/new-halfhalf/dir_st2_dataset/Reg.timesForProblem512x7x7_256_3
~~ alt :  1
-------------------------handling  /home/yufan/gpu_kernel_design/zeus-ML/new-halfhalf/dir_st2_dataset/Reg.timesForProblem128x28x28_64_1
~~ alt :  1
-------------------------handling  /home/yufan/gpu_kernel_design/zeus-ML/new-halfhalf/dir_st2_dataset/Reg.timesForProblem128x28x28_64_3
~~ alt :  1
-------------------------handling  /home/yufan/gpu_kernel_design/zeus-ML/new-halfhalf/dir_st2_dataset/Reg.timesForProblem64x112x112_3_7
~~ alt :  1
-------------------------handling  /home/yufan/gpu_kernel_design/zeus-ML/new-halfhalf/dir_st2_dataset/Reg.timesForProblem512x7x7_256_1
~~ alt :  1
-------------------------handling  /home/yufan/gpu_kernel_design/zeus-ML/new-halfhalf/dir_st2_dataset/Reg.timesForProblem256x14x14_128_1
~~ alt :  1
-------------------------handling  /home/yufan/gpu_kernel_design/zeus-ML/new-halfhalf/dir_st2_dataset/Reg.timesForProblem256x14x14_128_3
working path  /home/yufan/gpu_kernel_design/zeus-ML/new-halfhalf/dir_gemm_dataset
working file  Reg.timesForProblem64x56x56_64_1.csv
-------------------------shuffling  Reg.timesForProblem64x56x56_64_1
working file  Reg.timesForProblem128x68x68_256_1.csv
-------------------------shuffling  Reg.timesForProblem128x68x68_256_1
working file  Reg.timesForProblem64x136x136_128_1.csv
-------------------------shuffling  Reg.timesForProblem64x136x136_128_1
working file  Reg.timesForProblem256x34x34_512_1.csv
-------------------------shuffling  Reg.timesForProblem256x34x34_512_1
working file  test_set_gemmkernel.csv
working file  train_set_gemmkernel_test.csv
working file  train_set_gemmkernel.csv
Done shuffling
~~ alt :  1
-------------------------handling  /home/yufan/gpu_kernel_design/zeus-ML/new-halfhalf/dir_gemm_dataset/Reg.timesForProblem64x56x56_64_1
~~ alt :  1
-------------------------handling  /home/yufan/gpu_kernel_design/zeus-ML/new-halfhalf/dir_gemm_dataset/Reg.timesForProblem128x68x68_256_1
~~ alt :  1
-------------------------handling  /home/yufan/gpu_kernel_design/zeus-ML/new-halfhalf/dir_gemm_dataset/Reg.timesForProblem64x136x136_128_1
~~ alt :  1
-------------------------handling  /home/yufan/gpu_kernel_design/zeus-ML/new-halfhalf/dir_gemm_dataset/Reg.timesForProblem256x34x34_512_1
working path  /home/yufan/gpu_kernel_design/zeus-ML/new-halfhalf/dir_rs3_half_dataset
working file  Reg.timesForProblem64x54x54_64_3.csv
-------------------------shuffling  Reg.timesForProblem64x54x54_64_3
working file  Reg.timesForProblem256x14x14_256_3.csv
-------------------------shuffling  Reg.timesForProblem256x14x14_256_3
working file  test_set_rskernel.csv
working file  Reg.timesForProblem512x34x34_256_3.csv
-------------------------shuffling  Reg.timesForProblem512x34x34_256_3
working file  Reg.timesForProblem64x272x272_32_3.csv
-------------------------shuffling  Reg.timesForProblem64x272x272_32_3
working file  Reg.timesForProblem32x108x108_3_3.csv
-------------------------shuffling  Reg.timesForProblem32x108x108_3_3
working file  Reg.timesForProblem64x54x54_32_3.csv
-------------------------shuffling  Reg.timesForProblem64x54x54_32_3
working file  Reg.timesForProblem256x68x68_128_3.csv
-------------------------shuffling  Reg.timesForProblem256x68x68_128_3
working file  Reg.timesForProblem128x136x136_64_3.csv
-------------------------shuffling  Reg.timesForProblem128x136x136_64_3
working file  Reg.timesForProblem32x544x544_3_3.csv
-------------------------shuffling  Reg.timesForProblem32x544x544_3_3
working file  Reg.timesForProblem32x108x108_32_3.csv
-------------------------shuffling  Reg.timesForProblem32x108x108_32_3
working file  Reg.timesForProblem64x56x56_64_3.csv
-------------------------shuffling  Reg.timesForProblem64x56x56_64_3
working file  train_set_c_rskernel_test.csv
working file  train_set_c_rskernel.csv
working file  Reg.timesForProblem128x28x28_128_3.csv
-------------------------shuffling  Reg.timesForProblem128x28x28_128_3
Done shuffling
~~ alt :  1
-------------------------handling  /home/yufan/gpu_kernel_design/zeus-ML/new-halfhalf/dir_rs3_half_dataset/Reg.timesForProblem64x54x54_64_3
~~ alt :  1
-------------------------handling  /home/yufan/gpu_kernel_design/zeus-ML/new-halfhalf/dir_rs3_half_dataset/Reg.timesForProblem256x14x14_256_3
~~ alt :  1
-------------------------handling  /home/yufan/gpu_kernel_design/zeus-ML/new-halfhalf/dir_rs3_half_dataset/Reg.timesForProblem512x34x34_256_3
~~ alt :  1
-------------------------handling  /home/yufan/gpu_kernel_design/zeus-ML/new-halfhalf/dir_rs3_half_dataset/Reg.timesForProblem64x272x272_32_3
~~ alt :  1
-------------------------handling  /home/yufan/gpu_kernel_design/zeus-ML/new-halfhalf/dir_rs3_half_dataset/Reg.timesForProblem32x108x108_3_3
~~ alt :  1
-------------------------handling  /home/yufan/gpu_kernel_design/zeus-ML/new-halfhalf/dir_rs3_half_dataset/Reg.timesForProblem64x54x54_32_3
~~ alt :  1
-------------------------handling  /home/yufan/gpu_kernel_design/zeus-ML/new-halfhalf/dir_rs3_half_dataset/Reg.timesForProblem256x68x68_128_3
~~ alt :  1
-------------------------handling  /home/yufan/gpu_kernel_design/zeus-ML/new-halfhalf/dir_rs3_half_dataset/Reg.timesForProblem128x136x136_64_3
~~ alt :  1
-------------------------handling  /home/yufan/gpu_kernel_design/zeus-ML/new-halfhalf/dir_rs3_half_dataset/Reg.timesForProblem32x544x544_3_3
~~ alt :  1
-------------------------handling  /home/yufan/gpu_kernel_design/zeus-ML/new-halfhalf/dir_rs3_half_dataset/Reg.timesForProblem32x108x108_32_3
~~ alt :  1
-------------------------handling  /home/yufan/gpu_kernel_design/zeus-ML/new-halfhalf/dir_rs3_half_dataset/Reg.timesForProblem64x56x56_64_3
~~ alt :  1
-------------------------handling  /home/yufan/gpu_kernel_design/zeus-ML/new-halfhalf/dir_rs3_half_dataset/Reg.timesForProblem128x28x28_128_3
working path  /home/yufan/gpu_kernel_design/zeus-ML/new-halfhalf/dir_s3_half_dataset
working file  Reg.timesForProblem64x54x54_64_3.csv
-------------------------shuffling  Reg.timesForProblem64x54x54_64_3
working file  Reg.timesForProblem256x14x14_256_3.csv
-------------------------shuffling  Reg.timesForProblem256x14x14_256_3
working file  Reg.timesForProblem512x34x34_256_3.csv
-------------------------shuffling  Reg.timesForProblem512x34x34_256_3
working file  Reg.timesForProblem64x272x272_32_3.csv
-------------------------shuffling  Reg.timesForProblem64x272x272_32_3
working file  train_set_3_skernel_test.csv
working file  Reg.timesForProblem32x108x108_3_3.csv
-------------------------shuffling  Reg.timesForProblem32x108x108_3_3
working file  Reg.timesForProblem64x54x54_32_3.csv
-------------------------shuffling  Reg.timesForProblem64x54x54_32_3
working file  Reg.timesForProblem256x68x68_128_3.csv
-------------------------shuffling  Reg.timesForProblem256x68x68_128_3
working file  Reg.timesForProblem128x136x136_64_3.csv
-------------------------shuffling  Reg.timesForProblem128x136x136_64_3
working file  train_set_3_skernel.csv
working file  Reg.timesForProblem32x544x544_3_3.csv
-------------------------shuffling  Reg.timesForProblem32x544x544_3_3
working file  test_set_3_skernel.csv
working file  Reg.timesForProblem32x108x108_32_3.csv
-------------------------shuffling  Reg.timesForProblem32x108x108_32_3
working file  Reg.timesForProblem64x56x56_64_3.csv
-------------------------shuffling  Reg.timesForProblem64x56x56_64_3
working file  Reg.timesForProblem128x28x28_128_3.csv
-------------------------shuffling  Reg.timesForProblem128x28x28_128_3
Done shuffling
~~ alt :  1
-------------------------handling  /home/yufan/gpu_kernel_design/zeus-ML/new-halfhalf/dir_s3_half_dataset/Reg.timesForProblem64x54x54_64_3
~~ alt :  1
-------------------------handling  /home/yufan/gpu_kernel_design/zeus-ML/new-halfhalf/dir_s3_half_dataset/Reg.timesForProblem256x14x14_256_3
~~ alt :  1
-------------------------handling  /home/yufan/gpu_kernel_design/zeus-ML/new-halfhalf/dir_s3_half_dataset/Reg.timesForProblem512x34x34_256_3
~~ alt :  1
-------------------------handling  /home/yufan/gpu_kernel_design/zeus-ML/new-halfhalf/dir_s3_half_dataset/Reg.timesForProblem64x272x272_32_3
~~ alt :  1
-------------------------handling  /home/yufan/gpu_kernel_design/zeus-ML/new-halfhalf/dir_s3_half_dataset/Reg.timesForProblem32x108x108_3_3
~~ alt :  1
-------------------------handling  /home/yufan/gpu_kernel_design/zeus-ML/new-halfhalf/dir_s3_half_dataset/Reg.timesForProblem64x54x54_32_3
~~ alt :  1
-------------------------handling  /home/yufan/gpu_kernel_design/zeus-ML/new-halfhalf/dir_s3_half_dataset/Reg.timesForProblem256x68x68_128_3
~~ alt :  1
-------------------------handling  /home/yufan/gpu_kernel_design/zeus-ML/new-halfhalf/dir_s3_half_dataset/Reg.timesForProblem128x136x136_64_3
~~ alt :  1
-------------------------handling  /home/yufan/gpu_kernel_design/zeus-ML/new-halfhalf/dir_s3_half_dataset/Reg.timesForProblem32x544x544_3_3
~~ alt :  1
-------------------------handling  /home/yufan/gpu_kernel_design/zeus-ML/new-halfhalf/dir_s3_half_dataset/Reg.timesForProblem32x108x108_32_3
~~ alt :  1
-------------------------handling  /home/yufan/gpu_kernel_design/zeus-ML/new-halfhalf/dir_s3_half_dataset/Reg.timesForProblem64x56x56_64_3
~~ alt :  1
-------------------------handling  /home/yufan/gpu_kernel_design/zeus-ML/new-halfhalf/dir_s3_half_dataset/Reg.timesForProblem128x28x28_128_3
working path  /home/yufan/gpu_kernel_design/zeus-ML/new-halfhalf/dir_rs3_half_dataset
alt : 1
-------------------------handling  /home/yufan/gpu_kernel_design/zeus-ML/new-halfhalf/dir_rs3_half_dataset/train_set_c_rskernel
-------------------------handling  /home/yufan/gpu_kernel_design/zeus-ML/new-halfhalf/dir_rs3_half_dataset/test_set_rskernel
[RandomForestRegressor] seed 17  : The average indp-test avg 0.015316205533596841
[RandomForestRegressor] seed 43  : The average indp-test avg 0.024984313580993938
[RandomForestRegressor] seed 137  : The average indp-test avg 0.01844980467999995
[RandomForestRegressor] seed 269  : The average indp-test avg 0.01844980467999995
[RandomForestRegressor] seed 811  : The average indp-test avg 0.021164138721819548
alt : 2
-------------------------handling  /home/yufan/gpu_kernel_design/zeus-ML/new-halfhalf/dir_rs3_half_dataset/train_set_c_rskernel
-------------------------handling  /home/yufan/gpu_kernel_design/zeus-ML/new-halfhalf/dir_rs3_half_dataset/test_set_rskernel
[RandomForestRegressor] seed 17  : The average indp-test avg 0.005238514288567541
[RandomForestRegressor] seed 43  : The average indp-test avg 0.002104915142164434
[RandomForestRegressor] seed 137  : The average indp-test avg 0.002104915142164434
[RandomForestRegressor] seed 269  : The average indp-test avg 0.002104915142164434
[RandomForestRegressor] seed 811  : The average indp-test avg 0.005238514288567541
alt : 3
-------------------------handling  /home/yufan/gpu_kernel_design/zeus-ML/new-halfhalf/dir_rs3_half_dataset/train_set_c_rskernel
-------------------------handling  /home/yufan/gpu_kernel_design/zeus-ML/new-halfhalf/dir_rs3_half_dataset/test_set_rskernel
[RandomForestRegressor] seed 17  : The average indp-test avg 0.002104915142164434
[RandomForestRegressor] seed 43  : The average indp-test avg 0.0006281683932113774
[RandomForestRegressor] seed 137  : The average indp-test avg 0.002104915142164434
[RandomForestRegressor] seed 269  : The average indp-test avg 0.002104915142164434
[RandomForestRegressor] seed 811  : The average indp-test avg 0.005238514288567541
working path  /home/yufan/gpu_kernel_design/zeus-ML/new-halfhalf/dir_st2_dataset
alt : 1
-------------------------handling  /home/yufan/gpu_kernel_design/zeus-ML/new-halfhalf/dir_st2_dataset/train_set_c_rskernel_stride2
-------------------------handling  /home/yufan/gpu_kernel_design/zeus-ML/new-halfhalf/dir_st2_dataset/test_set_c_rskernel_stride2
[RandomForestRegressor] seed 17  : The average indp-test avg 0.0
[RandomForestRegressor] seed 43  : The average indp-test avg 0.0
[RandomForestRegressor] seed 137  : The average indp-test avg 0.0
[RandomForestRegressor] seed 269  : The average indp-test avg 0.0
[RandomForestRegressor] seed 811  : The average indp-test avg 0.0
alt : 2
-------------------------handling  /home/yufan/gpu_kernel_design/zeus-ML/new-halfhalf/dir_st2_dataset/train_set_c_rskernel_stride2
-------------------------handling  /home/yufan/gpu_kernel_design/zeus-ML/new-halfhalf/dir_st2_dataset/test_set_c_rskernel_stride2
[RandomForestRegressor] seed 17  : The average indp-test avg 0.0
[RandomForestRegressor] seed 43  : The average indp-test avg 0.0
[RandomForestRegressor] seed 137  : The average indp-test avg 0.0
[RandomForestRegressor] seed 269  : The average indp-test avg 0.0
[RandomForestRegressor] seed 811  : The average indp-test avg 0.0
alt : 3
-------------------------handling  /home/yufan/gpu_kernel_design/zeus-ML/new-halfhalf/dir_st2_dataset/train_set_c_rskernel_stride2
-------------------------handling  /home/yufan/gpu_kernel_design/zeus-ML/new-halfhalf/dir_st2_dataset/test_set_c_rskernel_stride2
[RandomForestRegressor] seed 17  : The average indp-test avg 0.0
[RandomForestRegressor] seed 43  : The average indp-test avg 0.0
[RandomForestRegressor] seed 137  : The average indp-test avg 0.0
[RandomForestRegressor] seed 269  : The average indp-test avg 0.0
[RandomForestRegressor] seed 811  : The average indp-test avg 0.0
working path  /home/yufan/gpu_kernel_design/zeus-ML/new-halfhalf/dir_gemm_dataset
alt : 1
-------------------------handling  /home/yufan/gpu_kernel_design/zeus-ML/new-halfhalf/dir_gemm_dataset/train_set_gemmkernel
-------------------------handling  /home/yufan/gpu_kernel_design/zeus-ML/new-halfhalf/dir_gemm_dataset/test_set_gemmkernel
[RandomForestRegressor] seed 17  : The average indp-test avg 0.0011958890389248916
[RandomForestRegressor] seed 43  : The average indp-test avg 0.0011958890389248916
[RandomForestRegressor] seed 137  : The average indp-test avg 0.0011958890389248916
[RandomForestRegressor] seed 269  : The average indp-test avg 0.0011958890389248916
[RandomForestRegressor] seed 811  : The average indp-test avg 0.0011958890389248916
alt : 2
-------------------------handling  /home/yufan/gpu_kernel_design/zeus-ML/new-halfhalf/dir_gemm_dataset/train_set_gemmkernel
-------------------------handling  /home/yufan/gpu_kernel_design/zeus-ML/new-halfhalf/dir_gemm_dataset/test_set_gemmkernel
[RandomForestRegressor] seed 17  : The average indp-test avg 0.004721687278127145
[RandomForestRegressor] seed 43  : The average indp-test avg 0.004721687278127145
[RandomForestRegressor] seed 137  : The average indp-test avg 0.004721687278127145
[RandomForestRegressor] seed 269  : The average indp-test avg 0.015806631244344425
[RandomForestRegressor] seed 811  : The average indp-test avg 0.004721687278127145
alt : 3
-------------------------handling  /home/yufan/gpu_kernel_design/zeus-ML/new-halfhalf/dir_gemm_dataset/train_set_gemmkernel
-------------------------handling  /home/yufan/gpu_kernel_design/zeus-ML/new-halfhalf/dir_gemm_dataset/test_set_gemmkernel
[RandomForestRegressor] seed 17  : The average indp-test avg 0.004721687278127145
[RandomForestRegressor] seed 43  : The average indp-test avg 0.0
[RandomForestRegressor] seed 137  : The average indp-test avg 0.004721687278127145
[RandomForestRegressor] seed 269  : The average indp-test avg 0.0
[RandomForestRegressor] seed 811  : The average indp-test avg 0.004721687278127145
working path  /home/yufan/gpu_kernel_design/zeus-ML/new-halfhalf/dir_s3_half_dataset
alt : 1
-------------------------handling  /home/yufan/gpu_kernel_design/zeus-ML/new-halfhalf/dir_s3_half_dataset/train_set_3_skernel
-------------------------handling  /home/yufan/gpu_kernel_design/zeus-ML/new-halfhalf/dir_s3_half_dataset/test_set_3_skernel
[RandomForestRegressor] seed 17  : The average indp-test avg 0.0
[RandomForestRegressor] seed 43  : The average indp-test avg 0.0
[RandomForestRegressor] seed 137  : The average indp-test avg 0.03501945525291829
[RandomForestRegressor] seed 269  : The average indp-test avg 0.0
[RandomForestRegressor] seed 811  : The average indp-test avg 0.03501945525291829
alt : 2
-------------------------handling  /home/yufan/gpu_kernel_design/zeus-ML/new-halfhalf/dir_s3_half_dataset/train_set_3_skernel
-------------------------handling  /home/yufan/gpu_kernel_design/zeus-ML/new-halfhalf/dir_s3_half_dataset/test_set_3_skernel
[RandomForestRegressor] seed 17  : The average indp-test avg 0.0
[RandomForestRegressor] seed 43  : The average indp-test avg 0.0
[RandomForestRegressor] seed 137  : The average indp-test avg 0.0
[RandomForestRegressor] seed 269  : The average indp-test avg 0.0
[RandomForestRegressor] seed 811  : The average indp-test avg 0.0
alt : 3
-------------------------handling  /home/yufan/gpu_kernel_design/zeus-ML/new-halfhalf/dir_s3_half_dataset/train_set_3_skernel
-------------------------handling  /home/yufan/gpu_kernel_design/zeus-ML/new-halfhalf/dir_s3_half_dataset/test_set_3_skernel
[RandomForestRegressor] seed 17  : The average indp-test avg 0.0
[RandomForestRegressor] seed 43  : The average indp-test avg 0.0
[RandomForestRegressor] seed 137  : The average indp-test avg 0.0
[RandomForestRegressor] seed 269  : The average indp-test avg 0.0
[RandomForestRegressor] seed 811  : The average indp-test avg 0.0
========= DONE model building ..... ==============
{1: {'RandomForestRegressor': ('RandomForestRegressor_17_1.pkl', RandomForestRegressor(random_state=17))}, 2: {'RandomForestRegressor': ('RandomForestRegressor_43_2.pkl', RandomForestRegressor(random_state=43))}, 3: {'RandomForestRegressor': ('RandomForestRegressor_43_3.pkl', RandomForestRegressor(random_state=43))}}
{1: {'RandomForestRegressor': ('RandomForestRegressor_17_1.pkl', RandomForestRegressor(random_state=17))}, 2: {'RandomForestRegressor': ('RandomForestRegressor_17_2.pkl', RandomForestRegressor(random_state=17))}, 3: {'RandomForestRegressor': ('RandomForestRegressor_17_3.pkl', RandomForestRegressor(random_state=17))}}
{1: {'RandomForestRegressor': ('RandomForestRegressor_17_1.pkl', RandomForestRegressor(random_state=17))}, 2: {'RandomForestRegressor': ('RandomForestRegressor_17_2.pkl', RandomForestRegressor(random_state=17))}, 3: {'RandomForestRegressor': ('RandomForestRegressor_43_3.pkl', RandomForestRegressor(random_state=43))}}
{1: {'RandomForestRegressor': ('RandomForestRegressor_17_1.pkl', RandomForestRegressor(random_state=17))}, 2: {'RandomForestRegressor': ('RandomForestRegressor_17_2.pkl', RandomForestRegressor(random_state=17))}, 3: {'RandomForestRegressor': ('RandomForestRegressor_17_3.pkl', RandomForestRegressor(random_state=17))}}
========= Predicting ..... ==============
working path  /home/yufan/gpu_kernel_design/zeus-ML/new-halfhalf/dir_rs3odd_dataset
working file  Reg.timesForProblem128x27x27_128_3.csv
-------------------------shuffling  Reg.timesForProblem128x27x27_128_3
working file  test_set_rskernel.csv
working file  Reg.timesForProblem512x7x7_512_3.csv
-------------------------shuffling  Reg.timesForProblem512x7x7_512_3
working file  Reg.timesForProblem1024x17x17_512_3.csv
-------------------------shuffling  Reg.timesForProblem1024x17x17_512_3
working file  Reg.timesForProblem128x27x27_64_3.csv
-------------------------shuffling  Reg.timesForProblem128x27x27_64_3
working file  train_set_c_rskernel_test.csv
working file  train_set_c_rskernel.csv
Done shuffling
~~ alt :  1
-------------------------handling  /home/yufan/gpu_kernel_design/zeus-ML/new-halfhalf/dir_rs3odd_dataset/Reg.timesForProblem128x27x27_128_3
~~ alt :  1
-------------------------handling  /home/yufan/gpu_kernel_design/zeus-ML/new-halfhalf/dir_rs3odd_dataset/Reg.timesForProblem512x7x7_512_3
~~ alt :  1
-------------------------handling  /home/yufan/gpu_kernel_design/zeus-ML/new-halfhalf/dir_rs3odd_dataset/Reg.timesForProblem1024x17x17_512_3
~~ alt :  1
-------------------------handling  /home/yufan/gpu_kernel_design/zeus-ML/new-halfhalf/dir_rs3odd_dataset/Reg.timesForProblem128x27x27_64_3
~~ alt :  2
-------------------------handling  /home/yufan/gpu_kernel_design/zeus-ML/new-halfhalf/dir_rs3odd_dataset/Reg.timesForProblem128x27x27_128_3
~~ alt :  2
-------------------------handling  /home/yufan/gpu_kernel_design/zeus-ML/new-halfhalf/dir_rs3odd_dataset/Reg.timesForProblem512x7x7_512_3
~~ alt :  2
-------------------------handling  /home/yufan/gpu_kernel_design/zeus-ML/new-halfhalf/dir_rs3odd_dataset/Reg.timesForProblem1024x17x17_512_3
~~ alt :  2
-------------------------handling  /home/yufan/gpu_kernel_design/zeus-ML/new-halfhalf/dir_rs3odd_dataset/Reg.timesForProblem128x27x27_64_3
~~ alt :  3
-------------------------handling  /home/yufan/gpu_kernel_design/zeus-ML/new-halfhalf/dir_rs3odd_dataset/Reg.timesForProblem128x27x27_128_3
~~ alt :  3
-------------------------handling  /home/yufan/gpu_kernel_design/zeus-ML/new-halfhalf/dir_rs3odd_dataset/Reg.timesForProblem512x7x7_512_3
~~ alt :  3
-------------------------handling  /home/yufan/gpu_kernel_design/zeus-ML/new-halfhalf/dir_rs3odd_dataset/Reg.timesForProblem1024x17x17_512_3
~~ alt :  3
-------------------------handling  /home/yufan/gpu_kernel_design/zeus-ML/new-halfhalf/dir_rs3odd_dataset/Reg.timesForProblem128x27x27_64_3
working path  /home/yufan/gpu_kernel_design/zeus-ML/new-halfhalf/dir_rs1odd_dataset
working file  test_set_rskernel.csv
working file  Reg.timesForProblem512x17x17_1024_1.csv
-------------------------shuffling  Reg.timesForProblem512x17x17_1024_1
working file  train_set_c_rskernel_test.csv
working file  train_set_c_rskernel.csv
Done shuffling
~~ alt :  1
-------------------------handling  /home/yufan/gpu_kernel_design/zeus-ML/new-halfhalf/dir_rs1odd_dataset/Reg.timesForProblem512x17x17_1024_1
~~ alt :  2
-------------------------handling  /home/yufan/gpu_kernel_design/zeus-ML/new-halfhalf/dir_rs1odd_dataset/Reg.timesForProblem512x17x17_1024_1
~~ alt :  3
-------------------------handling  /home/yufan/gpu_kernel_design/zeus-ML/new-halfhalf/dir_rs1odd_dataset/Reg.timesForProblem512x17x17_1024_1
working path  /home/yufan/gpu_kernel_design/zeus-ML/new-halfhalf/dir_st2_dataset
working file  Reg.timesForProblem512x7x7_256_3.csv
-------------------------shuffling  Reg.timesForProblem512x7x7_256_3
working file  Reg.timesForProblem128x28x28_64_1.csv
-------------------------shuffling  Reg.timesForProblem128x28x28_64_1
working file  test_set_c_rskernel_stride2.csv
working file  Reg.timesForProblem128x28x28_64_3.csv
-------------------------shuffling  Reg.timesForProblem128x28x28_64_3
working file  train_set_c_rskernel_stride2_test.csv
working file  train_set_c_rskernel_stride2.csv
working file  Reg.timesForProblem64x112x112_3_7.csv
-------------------------shuffling  Reg.timesForProblem64x112x112_3_7
working file  Reg.timesForProblem512x7x7_256_1.csv
-------------------------shuffling  Reg.timesForProblem512x7x7_256_1
working file  Reg.timesForProblem256x14x14_128_1.csv
-------------------------shuffling  Reg.timesForProblem256x14x14_128_1
working file  Reg.timesForProblem256x14x14_128_3.csv
-------------------------shuffling  Reg.timesForProblem256x14x14_128_3
Done shuffling
~~ alt :  1
-------------------------handling  /home/yufan/gpu_kernel_design/zeus-ML/new-halfhalf/dir_st2_dataset/Reg.timesForProblem512x7x7_256_3
~~ alt :  1
-------------------------handling  /home/yufan/gpu_kernel_design/zeus-ML/new-halfhalf/dir_st2_dataset/Reg.timesForProblem128x28x28_64_1
~~ alt :  1
-------------------------handling  /home/yufan/gpu_kernel_design/zeus-ML/new-halfhalf/dir_st2_dataset/Reg.timesForProblem128x28x28_64_3
~~ alt :  1
-------------------------handling  /home/yufan/gpu_kernel_design/zeus-ML/new-halfhalf/dir_st2_dataset/Reg.timesForProblem64x112x112_3_7
~~ alt :  1
-------------------------handling  /home/yufan/gpu_kernel_design/zeus-ML/new-halfhalf/dir_st2_dataset/Reg.timesForProblem512x7x7_256_1
~~ alt :  1
-------------------------handling  /home/yufan/gpu_kernel_design/zeus-ML/new-halfhalf/dir_st2_dataset/Reg.timesForProblem256x14x14_128_1
~~ alt :  1
-------------------------handling  /home/yufan/gpu_kernel_design/zeus-ML/new-halfhalf/dir_st2_dataset/Reg.timesForProblem256x14x14_128_3
~~ alt :  2
-------------------------handling  /home/yufan/gpu_kernel_design/zeus-ML/new-halfhalf/dir_st2_dataset/Reg.timesForProblem512x7x7_256_3
~~ alt :  2
-------------------------handling  /home/yufan/gpu_kernel_design/zeus-ML/new-halfhalf/dir_st2_dataset/Reg.timesForProblem128x28x28_64_1
~~ alt :  2
-------------------------handling  /home/yufan/gpu_kernel_design/zeus-ML/new-halfhalf/dir_st2_dataset/Reg.timesForProblem128x28x28_64_3
~~ alt :  2
-------------------------handling  /home/yufan/gpu_kernel_design/zeus-ML/new-halfhalf/dir_st2_dataset/Reg.timesForProblem64x112x112_3_7
~~ alt :  2
-------------------------handling  /home/yufan/gpu_kernel_design/zeus-ML/new-halfhalf/dir_st2_dataset/Reg.timesForProblem512x7x7_256_1
~~ alt :  2
-------------------------handling  /home/yufan/gpu_kernel_design/zeus-ML/new-halfhalf/dir_st2_dataset/Reg.timesForProblem256x14x14_128_1
~~ alt :  2
-------------------------handling  /home/yufan/gpu_kernel_design/zeus-ML/new-halfhalf/dir_st2_dataset/Reg.timesForProblem256x14x14_128_3
~~ alt :  3
-------------------------handling  /home/yufan/gpu_kernel_design/zeus-ML/new-halfhalf/dir_st2_dataset/Reg.timesForProblem512x7x7_256_3
~~ alt :  3
-------------------------handling  /home/yufan/gpu_kernel_design/zeus-ML/new-halfhalf/dir_st2_dataset/Reg.timesForProblem128x28x28_64_1
~~ alt :  3
-------------------------handling  /home/yufan/gpu_kernel_design/zeus-ML/new-halfhalf/dir_st2_dataset/Reg.timesForProblem128x28x28_64_3
~~ alt :  3
-------------------------handling  /home/yufan/gpu_kernel_design/zeus-ML/new-halfhalf/dir_st2_dataset/Reg.timesForProblem64x112x112_3_7
~~ alt :  3
-------------------------handling  /home/yufan/gpu_kernel_design/zeus-ML/new-halfhalf/dir_st2_dataset/Reg.timesForProblem512x7x7_256_1
~~ alt :  3
-------------------------handling  /home/yufan/gpu_kernel_design/zeus-ML/new-halfhalf/dir_st2_dataset/Reg.timesForProblem256x14x14_128_1
~~ alt :  3
-------------------------handling  /home/yufan/gpu_kernel_design/zeus-ML/new-halfhalf/dir_st2_dataset/Reg.timesForProblem256x14x14_128_3
working path  /home/yufan/gpu_kernel_design/zeus-ML/new-halfhalf/dir_rs3_half_dataset
working file  Reg.timesForProblem64x54x54_64_3.csv
-------------------------shuffling  Reg.timesForProblem64x54x54_64_3
working file  Reg.timesForProblem256x14x14_256_3.csv
-------------------------shuffling  Reg.timesForProblem256x14x14_256_3
working file  test_set_rskernel.csv
working file  Reg.timesForProblem512x34x34_256_3.csv
-------------------------shuffling  Reg.timesForProblem512x34x34_256_3
working file  Reg.timesForProblem64x272x272_32_3.csv
-------------------------shuffling  Reg.timesForProblem64x272x272_32_3
working file  Reg.timesForProblem32x108x108_3_3.csv
-------------------------shuffling  Reg.timesForProblem32x108x108_3_3
working file  Reg.timesForProblem64x54x54_32_3.csv
-------------------------shuffling  Reg.timesForProblem64x54x54_32_3
working file  Reg.timesForProblem256x68x68_128_3.csv
-------------------------shuffling  Reg.timesForProblem256x68x68_128_3
working file  Reg.timesForProblem128x136x136_64_3.csv
-------------------------shuffling  Reg.timesForProblem128x136x136_64_3
working file  Reg.timesForProblem32x544x544_3_3.csv
-------------------------shuffling  Reg.timesForProblem32x544x544_3_3
working file  Reg.timesForProblem32x108x108_32_3.csv
-------------------------shuffling  Reg.timesForProblem32x108x108_32_3
working file  Reg.timesForProblem64x56x56_64_3.csv
-------------------------shuffling  Reg.timesForProblem64x56x56_64_3
working file  train_set_c_rskernel_test.csv
working file  train_set_c_rskernel.csv
working file  Reg.timesForProblem128x28x28_128_3.csv
-------------------------shuffling  Reg.timesForProblem128x28x28_128_3
Done shuffling
~~ alt :  1
-------------------------handling  /home/yufan/gpu_kernel_design/zeus-ML/new-halfhalf/dir_rs3_half_dataset/Reg.timesForProblem64x54x54_64_3
~~ alt :  1
-------------------------handling  /home/yufan/gpu_kernel_design/zeus-ML/new-halfhalf/dir_rs3_half_dataset/Reg.timesForProblem256x14x14_256_3
~~ alt :  1
-------------------------handling  /home/yufan/gpu_kernel_design/zeus-ML/new-halfhalf/dir_rs3_half_dataset/Reg.timesForProblem512x34x34_256_3
~~ alt :  1
-------------------------handling  /home/yufan/gpu_kernel_design/zeus-ML/new-halfhalf/dir_rs3_half_dataset/Reg.timesForProblem64x272x272_32_3
~~ alt :  1
-------------------------handling  /home/yufan/gpu_kernel_design/zeus-ML/new-halfhalf/dir_rs3_half_dataset/Reg.timesForProblem32x108x108_3_3
~~ alt :  1
-------------------------handling  /home/yufan/gpu_kernel_design/zeus-ML/new-halfhalf/dir_rs3_half_dataset/Reg.timesForProblem64x54x54_32_3
~~ alt :  1
-------------------------handling  /home/yufan/gpu_kernel_design/zeus-ML/new-halfhalf/dir_rs3_half_dataset/Reg.timesForProblem256x68x68_128_3
~~ alt :  1
-------------------------handling  /home/yufan/gpu_kernel_design/zeus-ML/new-halfhalf/dir_rs3_half_dataset/Reg.timesForProblem128x136x136_64_3
~~ alt :  1
-------------------------handling  /home/yufan/gpu_kernel_design/zeus-ML/new-halfhalf/dir_rs3_half_dataset/Reg.timesForProblem32x544x544_3_3
~~ alt :  1
-------------------------handling  /home/yufan/gpu_kernel_design/zeus-ML/new-halfhalf/dir_rs3_half_dataset/Reg.timesForProblem32x108x108_32_3
~~ alt :  1
-------------------------handling  /home/yufan/gpu_kernel_design/zeus-ML/new-halfhalf/dir_rs3_half_dataset/Reg.timesForProblem64x56x56_64_3
~~ alt :  1
-------------------------handling  /home/yufan/gpu_kernel_design/zeus-ML/new-halfhalf/dir_rs3_half_dataset/Reg.timesForProblem128x28x28_128_3
~~ alt :  2
-------------------------handling  /home/yufan/gpu_kernel_design/zeus-ML/new-halfhalf/dir_rs3_half_dataset/Reg.timesForProblem64x54x54_64_3
~~ alt :  2
-------------------------handling  /home/yufan/gpu_kernel_design/zeus-ML/new-halfhalf/dir_rs3_half_dataset/Reg.timesForProblem256x14x14_256_3
~~ alt :  2
-------------------------handling  /home/yufan/gpu_kernel_design/zeus-ML/new-halfhalf/dir_rs3_half_dataset/Reg.timesForProblem512x34x34_256_3
~~ alt :  2
-------------------------handling  /home/yufan/gpu_kernel_design/zeus-ML/new-halfhalf/dir_rs3_half_dataset/Reg.timesForProblem64x272x272_32_3
~~ alt :  2
-------------------------handling  /home/yufan/gpu_kernel_design/zeus-ML/new-halfhalf/dir_rs3_half_dataset/Reg.timesForProblem32x108x108_3_3
~~ alt :  2
-------------------------handling  /home/yufan/gpu_kernel_design/zeus-ML/new-halfhalf/dir_rs3_half_dataset/Reg.timesForProblem64x54x54_32_3
~~ alt :  2
-------------------------handling  /home/yufan/gpu_kernel_design/zeus-ML/new-halfhalf/dir_rs3_half_dataset/Reg.timesForProblem256x68x68_128_3
~~ alt :  2
-------------------------handling  /home/yufan/gpu_kernel_design/zeus-ML/new-halfhalf/dir_rs3_half_dataset/Reg.timesForProblem128x136x136_64_3
~~ alt :  2
-------------------------handling  /home/yufan/gpu_kernel_design/zeus-ML/new-halfhalf/dir_rs3_half_dataset/Reg.timesForProblem32x544x544_3_3
~~ alt :  2
-------------------------handling  /home/yufan/gpu_kernel_design/zeus-ML/new-halfhalf/dir_rs3_half_dataset/Reg.timesForProblem32x108x108_32_3
~~ alt :  2
-------------------------handling  /home/yufan/gpu_kernel_design/zeus-ML/new-halfhalf/dir_rs3_half_dataset/Reg.timesForProblem64x56x56_64_3
~~ alt :  2
-------------------------handling  /home/yufan/gpu_kernel_design/zeus-ML/new-halfhalf/dir_rs3_half_dataset/Reg.timesForProblem128x28x28_128_3
~~ alt :  3
-------------------------handling  /home/yufan/gpu_kernel_design/zeus-ML/new-halfhalf/dir_rs3_half_dataset/Reg.timesForProblem64x54x54_64_3
~~ alt :  3
-------------------------handling  /home/yufan/gpu_kernel_design/zeus-ML/new-halfhalf/dir_rs3_half_dataset/Reg.timesForProblem256x14x14_256_3
~~ alt :  3
-------------------------handling  /home/yufan/gpu_kernel_design/zeus-ML/new-halfhalf/dir_rs3_half_dataset/Reg.timesForProblem512x34x34_256_3
~~ alt :  3
-------------------------handling  /home/yufan/gpu_kernel_design/zeus-ML/new-halfhalf/dir_rs3_half_dataset/Reg.timesForProblem64x272x272_32_3
~~ alt :  3
-------------------------handling  /home/yufan/gpu_kernel_design/zeus-ML/new-halfhalf/dir_rs3_half_dataset/Reg.timesForProblem32x108x108_3_3
~~ alt :  3
-------------------------handling  /home/yufan/gpu_kernel_design/zeus-ML/new-halfhalf/dir_rs3_half_dataset/Reg.timesForProblem64x54x54_32_3
~~ alt :  3
-------------------------handling  /home/yufan/gpu_kernel_design/zeus-ML/new-halfhalf/dir_rs3_half_dataset/Reg.timesForProblem256x68x68_128_3
~~ alt :  3
-------------------------handling  /home/yufan/gpu_kernel_design/zeus-ML/new-halfhalf/dir_rs3_half_dataset/Reg.timesForProblem128x136x136_64_3
~~ alt :  3
-------------------------handling  /home/yufan/gpu_kernel_design/zeus-ML/new-halfhalf/dir_rs3_half_dataset/Reg.timesForProblem32x544x544_3_3
~~ alt :  3
-------------------------handling  /home/yufan/gpu_kernel_design/zeus-ML/new-halfhalf/dir_rs3_half_dataset/Reg.timesForProblem32x108x108_32_3
~~ alt :  3
-------------------------handling  /home/yufan/gpu_kernel_design/zeus-ML/new-halfhalf/dir_rs3_half_dataset/Reg.timesForProblem64x56x56_64_3
~~ alt :  3
-------------------------handling  /home/yufan/gpu_kernel_design/zeus-ML/new-halfhalf/dir_rs3_half_dataset/Reg.timesForProblem128x28x28_128_3
working path  /home/yufan/gpu_kernel_design/zeus-ML/new-halfhalf/dir_s3_half_dataset
working file  Reg.timesForProblem64x54x54_64_3.csv
-------------------------shuffling  Reg.timesForProblem64x54x54_64_3
working file  Reg.timesForProblem256x14x14_256_3.csv
-------------------------shuffling  Reg.timesForProblem256x14x14_256_3
working file  Reg.timesForProblem512x34x34_256_3.csv
-------------------------shuffling  Reg.timesForProblem512x34x34_256_3
working file  Reg.timesForProblem64x272x272_32_3.csv
-------------------------shuffling  Reg.timesForProblem64x272x272_32_3
working file  train_set_3_skernel_test.csv
working file  Reg.timesForProblem32x108x108_3_3.csv
-------------------------shuffling  Reg.timesForProblem32x108x108_3_3
working file  Reg.timesForProblem64x54x54_32_3.csv
-------------------------shuffling  Reg.timesForProblem64x54x54_32_3
working file  Reg.timesForProblem256x68x68_128_3.csv
-------------------------shuffling  Reg.timesForProblem256x68x68_128_3
working file  Reg.timesForProblem128x136x136_64_3.csv
-------------------------shuffling  Reg.timesForProblem128x136x136_64_3
working file  train_set_3_skernel.csv
working file  Reg.timesForProblem32x544x544_3_3.csv
-------------------------shuffling  Reg.timesForProblem32x544x544_3_3
working file  test_set_3_skernel.csv
working file  Reg.timesForProblem32x108x108_32_3.csv
-------------------------shuffling  Reg.timesForProblem32x108x108_32_3
working file  Reg.timesForProblem64x56x56_64_3.csv
-------------------------shuffling  Reg.timesForProblem64x56x56_64_3
working file  Reg.timesForProblem128x28x28_128_3.csv
-------------------------shuffling  Reg.timesForProblem128x28x28_128_3
Done shuffling
~~ alt :  1
-------------------------handling  /home/yufan/gpu_kernel_design/zeus-ML/new-halfhalf/dir_s3_half_dataset/Reg.timesForProblem64x54x54_64_3
~~ alt :  1
-------------------------handling  /home/yufan/gpu_kernel_design/zeus-ML/new-halfhalf/dir_s3_half_dataset/Reg.timesForProblem256x14x14_256_3
~~ alt :  1
-------------------------handling  /home/yufan/gpu_kernel_design/zeus-ML/new-halfhalf/dir_s3_half_dataset/Reg.timesForProblem512x34x34_256_3
~~ alt :  1
-------------------------handling  /home/yufan/gpu_kernel_design/zeus-ML/new-halfhalf/dir_s3_half_dataset/Reg.timesForProblem64x272x272_32_3
~~ alt :  1
-------------------------handling  /home/yufan/gpu_kernel_design/zeus-ML/new-halfhalf/dir_s3_half_dataset/Reg.timesForProblem32x108x108_3_3
~~ alt :  1
-------------------------handling  /home/yufan/gpu_kernel_design/zeus-ML/new-halfhalf/dir_s3_half_dataset/Reg.timesForProblem64x54x54_32_3
~~ alt :  1
-------------------------handling  /home/yufan/gpu_kernel_design/zeus-ML/new-halfhalf/dir_s3_half_dataset/Reg.timesForProblem256x68x68_128_3
~~ alt :  1
-------------------------handling  /home/yufan/gpu_kernel_design/zeus-ML/new-halfhalf/dir_s3_half_dataset/Reg.timesForProblem128x136x136_64_3
~~ alt :  1
-------------------------handling  /home/yufan/gpu_kernel_design/zeus-ML/new-halfhalf/dir_s3_half_dataset/Reg.timesForProblem32x544x544_3_3
~~ alt :  1
-------------------------handling  /home/yufan/gpu_kernel_design/zeus-ML/new-halfhalf/dir_s3_half_dataset/Reg.timesForProblem32x108x108_32_3
~~ alt :  1
-------------------------handling  /home/yufan/gpu_kernel_design/zeus-ML/new-halfhalf/dir_s3_half_dataset/Reg.timesForProblem64x56x56_64_3
~~ alt :  1
-------------------------handling  /home/yufan/gpu_kernel_design/zeus-ML/new-halfhalf/dir_s3_half_dataset/Reg.timesForProblem128x28x28_128_3
~~ alt :  2
-------------------------handling  /home/yufan/gpu_kernel_design/zeus-ML/new-halfhalf/dir_s3_half_dataset/Reg.timesForProblem64x54x54_64_3
~~ alt :  2
-------------------------handling  /home/yufan/gpu_kernel_design/zeus-ML/new-halfhalf/dir_s3_half_dataset/Reg.timesForProblem256x14x14_256_3
~~ alt :  2
-------------------------handling  /home/yufan/gpu_kernel_design/zeus-ML/new-halfhalf/dir_s3_half_dataset/Reg.timesForProblem512x34x34_256_3
~~ alt :  2
-------------------------handling  /home/yufan/gpu_kernel_design/zeus-ML/new-halfhalf/dir_s3_half_dataset/Reg.timesForProblem64x272x272_32_3
~~ alt :  2
-------------------------handling  /home/yufan/gpu_kernel_design/zeus-ML/new-halfhalf/dir_s3_half_dataset/Reg.timesForProblem32x108x108_3_3
~~ alt :  2
-------------------------handling  /home/yufan/gpu_kernel_design/zeus-ML/new-halfhalf/dir_s3_half_dataset/Reg.timesForProblem64x54x54_32_3
~~ alt :  2
-------------------------handling  /home/yufan/gpu_kernel_design/zeus-ML/new-halfhalf/dir_s3_half_dataset/Reg.timesForProblem256x68x68_128_3
~~ alt :  2
-------------------------handling  /home/yufan/gpu_kernel_design/zeus-ML/new-halfhalf/dir_s3_half_dataset/Reg.timesForProblem128x136x136_64_3
~~ alt :  2
-------------------------handling  /home/yufan/gpu_kernel_design/zeus-ML/new-halfhalf/dir_s3_half_dataset/Reg.timesForProblem32x544x544_3_3
~~ alt :  2
-------------------------handling  /home/yufan/gpu_kernel_design/zeus-ML/new-halfhalf/dir_s3_half_dataset/Reg.timesForProblem32x108x108_32_3
~~ alt :  2
-------------------------handling  /home/yufan/gpu_kernel_design/zeus-ML/new-halfhalf/dir_s3_half_dataset/Reg.timesForProblem64x56x56_64_3
~~ alt :  2
-------------------------handling  /home/yufan/gpu_kernel_design/zeus-ML/new-halfhalf/dir_s3_half_dataset/Reg.timesForProblem128x28x28_128_3
~~ alt :  3
-------------------------handling  /home/yufan/gpu_kernel_design/zeus-ML/new-halfhalf/dir_s3_half_dataset/Reg.timesForProblem64x54x54_64_3
~~ alt :  3
-------------------------handling  /home/yufan/gpu_kernel_design/zeus-ML/new-halfhalf/dir_s3_half_dataset/Reg.timesForProblem256x14x14_256_3
~~ alt :  3
-------------------------handling  /home/yufan/gpu_kernel_design/zeus-ML/new-halfhalf/dir_s3_half_dataset/Reg.timesForProblem512x34x34_256_3
~~ alt :  3
-------------------------handling  /home/yufan/gpu_kernel_design/zeus-ML/new-halfhalf/dir_s3_half_dataset/Reg.timesForProblem64x272x272_32_3
~~ alt :  3
-------------------------handling  /home/yufan/gpu_kernel_design/zeus-ML/new-halfhalf/dir_s3_half_dataset/Reg.timesForProblem32x108x108_3_3
~~ alt :  3
-------------------------handling  /home/yufan/gpu_kernel_design/zeus-ML/new-halfhalf/dir_s3_half_dataset/Reg.timesForProblem64x54x54_32_3
~~ alt :  3
-------------------------handling  /home/yufan/gpu_kernel_design/zeus-ML/new-halfhalf/dir_s3_half_dataset/Reg.timesForProblem256x68x68_128_3
~~ alt :  3
-------------------------handling  /home/yufan/gpu_kernel_design/zeus-ML/new-halfhalf/dir_s3_half_dataset/Reg.timesForProblem128x136x136_64_3
~~ alt :  3
-------------------------handling  /home/yufan/gpu_kernel_design/zeus-ML/new-halfhalf/dir_s3_half_dataset/Reg.timesForProblem32x544x544_3_3
~~ alt :  3
-------------------------handling  /home/yufan/gpu_kernel_design/zeus-ML/new-halfhalf/dir_s3_half_dataset/Reg.timesForProblem32x108x108_32_3
~~ alt :  3
-------------------------handling  /home/yufan/gpu_kernel_design/zeus-ML/new-halfhalf/dir_s3_half_dataset/Reg.timesForProblem64x56x56_64_3
~~ alt :  3
-------------------------handling  /home/yufan/gpu_kernel_design/zeus-ML/new-halfhalf/dir_s3_half_dataset/Reg.timesForProblem128x28x28_128_3
working path  /home/yufan/gpu_kernel_design/zeus-ML/new-halfhalf/dir_gemm_dataset
working file  Reg.timesForProblem64x56x56_64_1.csv
-------------------------shuffling  Reg.timesForProblem64x56x56_64_1
working file  Reg.timesForProblem128x68x68_256_1.csv
-------------------------shuffling  Reg.timesForProblem128x68x68_256_1
working file  Reg.timesForProblem64x136x136_128_1.csv
-------------------------shuffling  Reg.timesForProblem64x136x136_128_1
working file  Reg.timesForProblem256x34x34_512_1.csv
-------------------------shuffling  Reg.timesForProblem256x34x34_512_1
working file  test_set_gemmkernel.csv
working file  train_set_gemmkernel_test.csv
working file  train_set_gemmkernel.csv
Done shuffling
~~ alt :  1
-------------------------handling  /home/yufan/gpu_kernel_design/zeus-ML/new-halfhalf/dir_gemm_dataset/Reg.timesForProblem64x56x56_64_1
~~ alt :  1
-------------------------handling  /home/yufan/gpu_kernel_design/zeus-ML/new-halfhalf/dir_gemm_dataset/Reg.timesForProblem128x68x68_256_1
~~ alt :  1
-------------------------handling  /home/yufan/gpu_kernel_design/zeus-ML/new-halfhalf/dir_gemm_dataset/Reg.timesForProblem64x136x136_128_1
~~ alt :  1
-------------------------handling  /home/yufan/gpu_kernel_design/zeus-ML/new-halfhalf/dir_gemm_dataset/Reg.timesForProblem256x34x34_512_1
~~ alt :  2
-------------------------handling  /home/yufan/gpu_kernel_design/zeus-ML/new-halfhalf/dir_gemm_dataset/Reg.timesForProblem64x56x56_64_1
~~ alt :  2
-------------------------handling  /home/yufan/gpu_kernel_design/zeus-ML/new-halfhalf/dir_gemm_dataset/Reg.timesForProblem128x68x68_256_1
~~ alt :  2
-------------------------handling  /home/yufan/gpu_kernel_design/zeus-ML/new-halfhalf/dir_gemm_dataset/Reg.timesForProblem64x136x136_128_1
~~ alt :  2
-------------------------handling  /home/yufan/gpu_kernel_design/zeus-ML/new-halfhalf/dir_gemm_dataset/Reg.timesForProblem256x34x34_512_1
~~ alt :  3
-------------------------handling  /home/yufan/gpu_kernel_design/zeus-ML/new-halfhalf/dir_gemm_dataset/Reg.timesForProblem64x56x56_64_1
~~ alt :  3
-------------------------handling  /home/yufan/gpu_kernel_design/zeus-ML/new-halfhalf/dir_gemm_dataset/Reg.timesForProblem128x68x68_256_1
~~ alt :  3
-------------------------handling  /home/yufan/gpu_kernel_design/zeus-ML/new-halfhalf/dir_gemm_dataset/Reg.timesForProblem64x136x136_128_1
~~ alt :  3
-------------------------handling  /home/yufan/gpu_kernel_design/zeus-ML/new-halfhalf/dir_gemm_dataset/Reg.timesForProblem256x34x34_512_1
========= Predicting DONE..... ==============
============== final result :: ============
============== Pure ANA :: ============
[10, 'defo1', -1, 0.07005253940455344, 0.01222, 0.01142, 1]
[20, 'defo1', -1, 0.07005253940455344, 0.01222, 0.01142, 1]
[30, 'defo1', -1, 0.0, 0.01142, 0.01142, 1]
[10, 'defo2', -1, 0.5332283818733834, 0.068175, 0.044465000000000005, 1]
[20, 'defo2', -1, 0.18497694816147522, 0.05269, 0.044465000000000005, 1]
[30, 'defo2', -1, 0.18497694816147522, 0.05269, 0.044465000000000005, 1]
[10, 'defo3', -1, 0.6538204871538205, 0.049565, 0.02997, 1]
[20, 'defo3', -1, 0.30463797130463804, 0.0391, 0.02997, 1]
[30, 'defo3', -1, 0.30463797130463804, 0.0391, 0.02997, 1]
[10, 'defo4', -1, 0.6326663766855154, 0.07507, 0.04598, 1]
[20, 'defo4', -1, 0.510874293170944, 0.06947, 0.04598, 1]
[30, 'defo4', -1, 0.510874293170944, 0.06947, 0.04598, 1]
[10, 'defo5', -1, 0.41137440758293853, 0.04467, 0.03165, 1]
[20, 'defo5', -1, 0.27646129541864145, 0.0404, 0.03165, 1]
[30, 'defo5', -1, 0.27646129541864145, 0.0404, 0.03165, 1]
[10, 'defo6', -1, 0.5470376094796496, 0.07507, 0.048525, 1]
[20, 'defo6', -1, 0.33333333333333326, 0.0647, 0.048525, 1]
[30, 'defo6', -1, 0.18763523956723344, 0.05763, 0.048525, 1]
[10, 'res1*', -1, 0.04956642757734728, 0.04902, 0.046704999999999997, 2]
[20, 'res1*', -1, 0.0, 0.046704999999999997, 0.046704999999999997, 2]
[30, 'res1*', -1, 0.0, 0.046704999999999997, 0.046704999999999997, 2]
[10, 'res2', -1, 1.2929292929292928, 0.105555, 0.046035, 1]
[20, 'res2', -1, 1.029759965243836, 0.09344, 0.046035, 1]
[30, 'res2', -1, 0.540349733898121, 0.07091, 0.046035, 1]
[10, 'res3', -1, 2.554137115839243, 0.037585, 0.010575000000000001, 1]
[20, 'res3', -1, 2.346572104018912, 0.03539, 0.010575000000000001, 1]
[30, 'res3', -1, 2.346572104018912, 0.03539, 0.010575000000000001, 1]
[10, 'res4*', -1, 0.4201133144475922, 0.05013, 0.0353, 2]
[20, 'res4*', -1, 0.18626062322946169, 0.041874999999999996, 0.0353, 2]
[30, 'res4*', -1, 0.031161473087818806, 0.0364, 0.0353, 2]
[10, 'res5*', -1, 1.413679245283019, 0.05117, 0.0212, 2]
[20, 'res5*', -1, 1.413679245283019, 0.05117, 0.0212, 2]
[30, 'res5*', -1, 0.6919811320754716, 0.03587, 0.0212, 2]
[10, 'res6', -1, 2.794721407624634, 0.17469, 0.046035, 1]
[20, 'res6', -1, 1.0762463343108504, 0.09558, 0.046035, 1]
[30, 'res6', -1, 1.0548495709786032, 0.094595, 0.046035, 1]
[10, 'res7*', -1, 0.29039484738168575, 0.046079999999999996, 0.03571, 2]
[20, 'res7*', -1, 0.010921310557266913, 0.0361, 0.03571, 2]
[30, 'res7*', -1, 0.010921310557266913, 0.0361, 0.03571, 2]
[10, 'res8*', -1, 1.4173748819641172, 0.0512, 0.02118, 2]
[20, 'res8*', -1, 1.4173748819641172, 0.0512, 0.02118, 2]
[30, 'res8*', -1, 1.4173748819641172, 0.0512, 0.02118, 2]
[10, 'res9', -1, 2.753066396350735, 0.18512, 0.049325, 1]
[20, 'res9', -1, 1.2181449569183982, 0.10941, 0.049325, 1]
[30, 'res9', -1, 1.2181449569183982, 0.10941, 0.049325, 1]
[10, 'res10*', -1, 3.646012555219716, 0.19982499999999997, 0.04301, 2]
[20, 'res10*', -1, 1.7737735410369682, 0.1193, 0.04301, 2]
[30, 'res10*', -1, 0.15182515694024648, 0.04954, 0.04301, 2]
[10, 'res11*', -1, 3.924118207816969, 0.129135, 0.026225, 2]
[20, 'res11*', -1, 1.240228789323165, 0.05875, 0.026225, 2]
[30, 'res11*', -1, 0.26177311725452823, 0.03309, 0.026225, 2]
[10, 'res12', -1, 0.46284393731494167, 0.10128, 0.069235, 1]
[20, 'res12', -1, 0.021448689246768255, 0.07072, 0.069235, 1]
[30, 'res12', -1, 0.021448689246768255, 0.07072, 0.069235, 1]
[10, 'yolo0', -1, 0.22393509127789035, 0.15084999999999998, 0.12325, 1]
[20, 'yolo0', -1, 0.22393509127789035, 0.15084999999999998, 0.12325, 1]
[30, 'yolo0', -1, 0.22393509127789035, 0.15084999999999998, 0.12325, 1]
[10, 'yolo2', -1, 0.22489642927599113, 0.40358499999999997, 0.32948500000000003, 1]
[20, 'yolo2', -1, 0.1937265732886169, 0.39331499999999997, 0.32948500000000003, 1]
[30, 'yolo2', -1, 0.1937265732886169, 0.39331499999999997, 0.32948500000000003, 1]
[10, 'yolo4', -1, 0.1960979526294661, 0.37243499999999996, 0.31137499999999996, 1]
[20, 'yolo4', -1, 0.1960979526294661, 0.37243499999999996, 0.31137499999999996, 1]
[30, 'yolo4', -1, 0.12960256924929758, 0.35173, 0.31137499999999996, 1]
[10, 'yolo5', -1, 0.6989855462788401, 0.094625, 0.055695, 1]
[20, 'yolo5', -1, 0.6989855462788401, 0.094625, 0.055695, 1]
[30, 'yolo5', -1, 0.6988957716132507, 0.09462, 0.055695, 1]
[10, 'yolo8', -1, 0.08514381212067908, 0.37011, 0.34107, 1]
[20, 'yolo8', -1, 0.04012372826692469, 0.354755, 0.34107, 1]
[30, 'yolo8', -1, 0.004515202157914756, 0.34260999999999997, 0.34107, 1]
[10, 'yolo9', -1, 1.2017409114183308, 0.1505, 0.068355, 1]
[20, 'yolo9', -1, 1.2009362884938921, 0.150445, 0.068355, 1]
[30, 'yolo9', -1, 1.2009362884938921, 0.150445, 0.068355, 1]
[10, 'yolo12', -1, 0.046889754485363595, 0.35477000000000003, 0.33888, 1]
[20, 'yolo12', -1, 0.0, 0.33888, 0.33888, 1]
[30, 'yolo12', -1, 0.0, 0.33888, 0.33888, 1]
[10, 'yolo13', -1, 1.0565831102458016, 0.16901, 0.08218, 1]
[20, 'yolo13', -1, 1.0565831102458016, 0.16901, 0.08218, 1]
[30, 'yolo13', -1, 1.0565831102458016, 0.16901, 0.08218, 1]
[10, 'yolo18', -1, 0.0, 0.35539, 0.35539, 1]
[20, 'yolo18', -1, 0.0, 0.35539, 0.35539, 1]
[30, 'yolo18', -1, 0.0, 0.35539, 0.35539, 1]
[10, 'yolo19', -1, 0.0, 0.09747, 0.09747, 1]
[20, 'yolo19', -1, 0.0, 0.09747, 0.09747, 1]
[30, 'yolo19', -1, 0.0, 0.09747, 0.09747, 1]
============== Pure ML :: ============
[10, 'defo1', 1, 0.0, 11.42, 11.42, 1]
[20, 'defo1', 1, 0.0, 11.42, 11.42, 1]
[30, 'defo1', 1, 0.0, 11.42, 11.42, 1]
[10, 'defo2', 1, 0.18497694816147517, 52.69, 44.465, 1]
[20, 'defo2', 1, 0.18497694816147517, 52.69, 44.465, 1]
[30, 'defo2', 1, 0.18497694816147517, 52.69, 44.465, 1]
[10, 'defo3', 1, 0.30463797130463804, 39.1, 29.97, 1]
[20, 'defo3', 1, 0.30463797130463804, 39.1, 29.97, 1]
[30, 'defo3', 1, 0.30463797130463804, 39.1, 29.97, 1]
[10, 'defo4', 1, 0.06002609830361038, 48.74, 45.98, 1]
[20, 'defo4', 1, 0.06002609830361038, 48.74, 45.98, 1]
[30, 'defo4', 1, 0.06002609830361038, 48.74, 45.98, 1]
[10, 'defo5', 1, 0.8774091627172197, 59.42, 31.65, 1]
[20, 'defo5', 1, 0.2284360189573459, 38.879999999999995, 31.65, 1]
[30, 'defo5', 1, 0.2284360189573459, 38.879999999999995, 31.65, 1]
[10, 'defo6', 1, 1.192684183410613, 106.39999999999999, 48.525, 1]
[20, 'defo6', 1, 0.3343637300360639, 64.75, 48.525, 1]
[30, 'defo6', 1, 0.3343637300360639, 64.75, 48.525, 1]
[10, 'res1*', 1, 0.031474146237019565, 48.175, 46.705, 2]
[20, 'res1*', 1, 0.031474146237019565, 48.175, 46.705, 2]
[30, 'res1*', 1, 0.0006423295150412405, 46.735, 46.705, 2]
[10, 'res2', 1, 0.038883458238297086, 47.825, 46.035, 1]
[20, 'res2', 1, 0.000977517106549556, 46.080000000000005, 46.035, 1]
[30, 'res2', 1, 0.000977517106549556, 46.080000000000005, 46.035, 1]
[10, 'res3', 1, 0.5791962174940896, 16.7, 10.575000000000001, 1]
[20, 'res3', 1, 0.14704491725768318, 12.13, 10.575000000000001, 1]
[30, 'res3', 1, 0.07423167848699748, 11.36, 10.575000000000001, 1]
[10, 'res4*', 1, 0.07790368271954674, 38.05, 35.3, 2]
[20, 'res4*', 1, 0.0434844192634562, 36.835, 35.3, 2]
[30, 'res4*', 1, 0.028045325779037088, 36.290000000000006, 35.3, 2]
[10, 'res5*', 1, 0.34339622641509426, 28.479999999999997, 21.2, 2]
[20, 'res5*', 1, 0.03113207547169812, 21.86, 21.2, 2]
[30, 'res5*', 1, 0.03113207547169812, 21.86, 21.2, 2]
[10, 'res6', 1, 1.7766916476593901, 127.82500000000002, 46.035, 1]
[20, 'res6', 1, 1.7766916476593901, 127.82500000000002, 46.035, 1]
[30, 'res6', 1, 1.7766916476593901, 127.82500000000002, 46.035, 1]
[10, 'res7*', 1, 0.044805376645197466, 37.31, 35.71, 2]
[20, 'res7*', 1, 0.044805376645197466, 37.31, 35.71, 2]
[30, 'res7*', 1, 0.0, 35.71, 35.71, 2]
[10, 'res8*', 1, 0.19641170915958453, 25.34, 21.18, 2]
[20, 'res8*', 1, 0.024551463644948045, 21.7, 21.18, 2]
[30, 'res8*', 1, 0.0, 21.18, 21.18, 2]
[10, 'res9', 1, 0.18013177901672575, 58.21, 49.325, 1]
[20, 'res9', 1, 0.1369488089204258, 56.080000000000005, 49.325, 1]
[30, 'res9', 1, 0.029498226051697884, 50.78, 49.325, 1]
[10, 'res10*', 1, 1.4768658451522902, 106.53, 43.01, 2]
[20, 'res10*', 1, 1.4768658451522902, 106.53, 43.01, 2]
[30, 'res10*', 1, 1.4768658451522902, 106.53, 43.01, 2]
[10, 'res11*', 1, 0.6861773117254529, 44.22, 26.224999999999998, 2]
[20, 'res11*', 1, 0.6861773117254529, 44.22, 26.224999999999998, 2]
[30, 'res11*', 1, 0.6861773117254529, 44.22, 26.224999999999998, 2]
[10, 'res12', 1, 0.0, 69.235, 69.235, 1]
[20, 'res12', 1, 0.0, 69.235, 69.235, 1]
[30, 'res12', 1, 0.0, 69.235, 69.235, 1]
[10, 'yolo0', 1, 0.035294117647058774, 127.6, 123.25, 1]
[20, 'yolo0', 1, 0.035294117647058774, 127.6, 123.25, 1]
[30, 'yolo0', 1, 0.035294117647058774, 127.6, 123.25, 1]
[10, 'yolo2', 1, 0.013748729077196147, 334.015, 329.485, 1]
[20, 'yolo2', 1, 0.0, 329.485, 329.485, 1]
[30, 'yolo2', 1, 0.0, 329.485, 329.485, 1]
[10, 'yolo4', 1, 0.03319148936170225, 321.71, 311.37499999999994, 1]
[20, 'yolo4', 1, 0.0, 311.37499999999994, 311.37499999999994, 1]
[30, 'yolo4', 1, 0.0, 311.37499999999994, 311.37499999999994, 1]
[10, 'yolo5', 1, 0.38127300475805714, 76.92999999999999, 55.695, 1]
[20, 'yolo5', 1, 0.38127300475805714, 76.92999999999999, 55.695, 1]
[30, 'yolo5', 1, 0.38127300475805714, 76.92999999999999, 55.695, 1]
[10, 'yolo8', 1, 0.04795203330694584, 357.425, 341.07, 1]
[20, 'yolo8', 1, 0.04795203330694584, 357.425, 341.07, 1]
[30, 'yolo8', 1, 0.026372885331456732, 350.06499999999994, 341.07, 1]
[10, 'yolo9', 1, 0.13759052007899913, 77.75999999999999, 68.355, 1]
[20, 'yolo9', 1, 0.13759052007899913, 77.75999999999999, 68.355, 1]
[30, 'yolo9', 1, 0.13759052007899913, 77.75999999999999, 68.355, 1]
[10, 'yolo12', 1, 0.30354402738432484, 441.745, 338.88, 1]
[20, 'yolo12', 1, 0.24461461284230418, 421.77500000000003, 338.88, 1]
[30, 'yolo12', 1, 0.24461461284230418, 421.77500000000003, 338.88, 1]
[10, 'yolo13', 1, 0.5964954976880017, 131.2, 82.18, 1]
[20, 'yolo13', 1, 0.5645534193234361, 128.575, 82.18, 1]
[30, 'yolo13', 1, 0.5645534193234361, 128.575, 82.18, 1]
[10, 'yolo18', 1, 0.0, 355.39, 355.39, 1]
[20, 'yolo18', 1, 0.0, 355.39, 355.39, 1]
[30, 'yolo18', 1, 0.0, 355.39, 355.39, 1]
[10, 'yolo19', 1, 0.0, 97.47, 97.47, 1]
[20, 'yolo19', 1, 0.0, 97.47, 97.47, 1]
[30, 'yolo19', 1, 0.0, 97.47, 97.47, 1]
============== Pure HYB :: ============
[10, 'defo1', 2, 0.2329246935201401, 14.08, 11.42, 1]
[20, 'defo1', 2, 0.2329246935201401, 14.08, 11.42, 1]
[30, 'defo1', 2, 0.0, 11.42, 11.42, 1]
[10, 'defo2', 2, 0.18497694816147517, 52.69, 44.465, 1]
[20, 'defo2', 2, 0.18497694816147517, 52.69, 44.465, 1]
[30, 'defo2', 2, 0.18497694816147517, 52.69, 44.465, 1]
[10, 'defo3', 2, 0.13229896563229931, 33.93500000000001, 29.97, 1]
[20, 'defo3', 2, 0.13229896563229931, 33.93500000000001, 29.97, 1]
[30, 'defo3', 2, 0.13229896563229931, 33.93500000000001, 29.97, 1]
[10, 'defo4', 2, 0.5687255328403654, 72.13, 45.98, 1]
[20, 'defo4', 2, 0.4121357111787736, 64.93, 45.98, 1]
[30, 'defo4', 2, 0.25619834710743805, 57.76, 45.98, 1]
[10, 'defo5', 2, 0.2764612954186414, 40.4, 31.65, 1]
[20, 'defo5', 2, 0.2764612954186414, 40.4, 31.65, 1]
[30, 'defo5', 2, 0.03886255924170629, 32.88, 31.65, 1]
[10, 'defo6', 2, 0.33333333333333315, 64.69999999999999, 48.525, 1]
[20, 'defo6', 2, 0.18763523956723346, 57.63, 48.525, 1]
[30, 'defo6', 2, 0.04131890777949516, 50.53, 48.525, 1]
[10, 'res1*', 2, 0.0, 46.705, 46.705, 2]
[20, 'res1*', 2, 0.0, 46.705, 46.705, 2]
[30, 'res1*', 2, 0.0, 46.705, 46.705, 2]
[10, 'res2', 2, 0.0, 46.035, 46.035, 1]
[20, 'res2', 2, 0.0, 46.035, 46.035, 1]
[30, 'res2', 2, 0.0, 46.035, 46.035, 1]
[10, 'res3', 2, 0.2680851063829786, 13.41, 10.575000000000001, 1]
[20, 'res3', 2, 0.2680851063829786, 13.41, 10.575000000000001, 1]
[30, 'res3', 2, 0.2680851063829786, 13.41, 10.575000000000001, 1]
[10, 'res4*', 2, 0.020679886685552522, 36.03, 35.3, 2]
[20, 'res4*', 2, 0.020679886685552522, 36.03, 35.3, 2]
[30, 'res4*', 2, 0.020679886685552522, 36.03, 35.3, 2]
[10, 'res5*', 2, 0.0066037735849056875, 21.34, 21.2, 2]
[20, 'res5*', 2, 0.0066037735849056875, 21.34, 21.2, 2]
[30, 'res5*', 2, 0.0066037735849056875, 21.34, 21.2, 2]
[10, 'res6', 2, 0.006842619745845658, 46.35, 46.035, 1]
[20, 'res6', 2, 0.005865102639296256, 46.305, 46.035, 1]
[30, 'res6', 2, 0.005865102639296256, 46.305, 46.035, 1]
[10, 'res7*', 2, 0.0, 35.71, 35.71, 2]
[20, 'res7*', 2, 0.0, 35.71, 35.71, 2]
[30, 'res7*', 2, 0.0, 35.71, 35.71, 2]
[10, 'res8*', 2, 0.003305004721435162, 21.249999999999996, 21.18, 2]
[20, 'res8*', 2, 0.0, 21.18, 21.18, 2]
[30, 'res8*', 2, 0.0, 21.18, 21.18, 2]
[10, 'res9', 2, 0.0039533705017739534, 49.52, 49.325, 1]
[20, 'res9', 2, 0.0039533705017739534, 49.52, 49.325, 1]
[30, 'res9', 2, 0.0039533705017739534, 49.52, 49.325, 1]
[10, 'res10*', 2, 0.0, 43.01, 43.01, 2]
[20, 'res10*', 2, 0.0, 43.01, 43.01, 2]
[30, 'res10*', 2, 0.0, 43.01, 43.01, 2]
[10, 'res11*', 2, 0.0, 26.224999999999998, 26.224999999999998, 2]
[20, 'res11*', 2, 0.0, 26.224999999999998, 26.224999999999998, 2]
[30, 'res11*', 2, 0.0, 26.224999999999998, 26.224999999999998, 2]
[10, 'res12', 2, 0.330685347006572, 92.13000000000001, 69.235, 1]
[20, 'res12', 2, 0.15822921932548564, 80.19, 69.235, 1]
[30, 'res12', 2, 0.15822921932548564, 80.19, 69.235, 1]
[10, 'yolo0', 2, 0.18430020283975662, 145.965, 123.25, 1]
[20, 'yolo0', 2, 0.035294117647058774, 127.6, 123.25, 1]
[30, 'yolo0', 2, 0.0, 123.25, 123.25, 1]
[10, 'yolo2', 2, 0.04215669909100562, 343.375, 329.485, 1]
[20, 'yolo2', 2, 0.0, 329.485, 329.485, 1]
[30, 'yolo2', 2, 0.0, 329.485, 329.485, 1]
[10, 'yolo4', 2, 0.03319148936170225, 321.71, 311.37499999999994, 1]
[20, 'yolo4', 2, 0.03319148936170225, 321.71, 311.37499999999994, 1]
[30, 'yolo4', 2, 0.0, 311.37499999999994, 311.37499999999994, 1]
[10, 'yolo5', 2, 0.0, 55.695, 55.695, 1]
[20, 'yolo5', 2, 0.0, 55.695, 55.695, 1]
[30, 'yolo5', 2, 0.0, 55.695, 55.695, 1]
[10, 'yolo8', 2, 0.02537602251737172, 349.72499999999997, 341.07, 1]
[20, 'yolo8', 2, 0.02537602251737172, 349.72499999999997, 341.07, 1]
[30, 'yolo8', 2, 0.0, 341.07, 341.07, 1]
[10, 'yolo9', 2, 0.13876088069636433, 77.83999999999999, 68.355, 1]
[20, 'yolo9', 2, 0.1359081266915369, 77.64500000000001, 68.355, 1]
[30, 'yolo9', 2, 0.1359081266915369, 77.64500000000001, 68.355, 1]
[10, 'yolo12', 2, 0.0013574126534465873, 339.34, 338.88, 1]
[20, 'yolo12', 2, 0.0, 338.88, 338.88, 1]
[30, 'yolo12', 2, 0.0, 338.88, 338.88, 1]
[10, 'yolo13', 2, 0.4113531272815769, 115.985, 82.18, 1]
[20, 'yolo13', 2, 0.40940618155268915, 115.825, 82.18, 1]
[30, 'yolo13', 2, 0.30135069359941574, 106.945, 82.18, 1]
[10, 'yolo18', 2, 0.0, 355.39, 355.39, 1]
[20, 'yolo18', 2, 0.0, 355.39, 355.39, 1]
[30, 'yolo18', 2, 0.0, 355.39, 355.39, 1]
[10, 'yolo19', 2, 0.0, 97.47, 97.47, 1]
[20, 'yolo19', 2, 0.0, 97.47, 97.47, 1]
[30, 'yolo19', 2, 0.0, 97.47, 97.47, 1]
============== Pure ext_HYB :: ============
[10, 'defo1', 3, 0.0, 11.42, 11.42, 1]
[20, 'defo1', 3, 0.0, 11.42, 11.42, 1]
[30, 'defo1', 3, 0.0, 11.42, 11.42, 1]
[10, 'defo2', 3, 0.18497694816147517, 52.69, 44.465, 1]
[20, 'defo2', 3, 0.18497694816147517, 52.69, 44.465, 1]
[30, 'defo2', 3, 0.18497694816147517, 52.69, 44.465, 1]
[10, 'defo3', 3, 0.30463797130463804, 39.1, 29.97, 1]
[20, 'defo3', 3, 0.15048381715048376, 34.48, 29.97, 1]
[30, 'defo3', 3, 0.15048381715048376, 34.48, 29.97, 1]
[10, 'defo4', 3, 0.5687255328403654, 72.13, 45.98, 1]
[20, 'defo4', 3, 0.4121357111787736, 64.93, 45.98, 1]
[30, 'defo4', 3, 0.25619834710743805, 57.76, 45.98, 1]
[10, 'defo5', 3, 0.2764612954186414, 40.4, 31.65, 1]
[20, 'defo5', 3, 0.2764612954186414, 40.4, 31.65, 1]
[30, 'defo5', 3, 0.07172195892575071, 33.92000000000001, 31.65, 1]
[10, 'defo6', 3, 0.33333333333333315, 64.69999999999999, 48.525, 1]
[20, 'defo6', 3, 0.18763523956723346, 57.63, 48.525, 1]
[30, 'defo6', 3, 0.04131890777949516, 50.53, 48.525, 1]
[10, 'res1*', 3, 0.0, 46.705, 46.705, 2]
[20, 'res1*', 3, 0.0, 46.705, 46.705, 2]
[30, 'res1*', 3, 0.0, 46.705, 46.705, 2]
[10, 'res2', 3, 0.0, 46.035, 46.035, 1]
[20, 'res2', 3, 0.0, 46.035, 46.035, 1]
[30, 'res2', 3, 0.0, 46.035, 46.035, 1]
[10, 'res3', 3, 0.2680851063829786, 13.41, 10.575000000000001, 1]
[20, 'res3', 3, 0.2680851063829786, 13.41, 10.575000000000001, 1]
[30, 'res3', 3, 0.2680851063829786, 13.41, 10.575000000000001, 1]
[10, 'res4*', 3, 0.020679886685552522, 36.03, 35.3, 2]
[20, 'res4*', 3, 0.020679886685552522, 36.03, 35.3, 2]
[30, 'res4*', 3, 0.020679886685552522, 36.03, 35.3, 2]
[10, 'res5*', 3, 0.0066037735849056875, 21.34, 21.2, 2]
[20, 'res5*', 3, 0.0066037735849056875, 21.34, 21.2, 2]
[30, 'res5*', 3, 0.0, 21.2, 21.2, 2]
[10, 'res6', 3, 0.005865102639296256, 46.305, 46.035, 1]
[20, 'res6', 3, 0.005865102639296256, 46.305, 46.035, 1]
[30, 'res6', 3, 0.005865102639296256, 46.305, 46.035, 1]
[10, 'res7*', 3, 0.0, 35.71, 35.71, 2]
[20, 'res7*', 3, 0.0, 35.71, 35.71, 2]
[30, 'res7*', 3, 0.0, 35.71, 35.71, 2]
[10, 'res8*', 3, 0.003305004721435162, 21.249999999999996, 21.18, 2]
[20, 'res8*', 3, 0.0, 21.18, 21.18, 2]
[30, 'res8*', 3, 0.0, 21.18, 21.18, 2]
[10, 'res9', 3, 0.0039533705017739534, 49.52, 49.325, 1]
[20, 'res9', 3, 0.0039533705017739534, 49.52, 49.325, 1]
[30, 'res9', 3, 0.0039533705017739534, 49.52, 49.325, 1]
[10, 'res10*', 3, 0.0, 43.01, 43.01, 2]
[20, 'res10*', 3, 0.0, 43.01, 43.01, 2]
[30, 'res10*', 3, 0.0, 43.01, 43.01, 2]
[10, 'res11*', 3, 0.0, 26.224999999999998, 26.224999999999998, 2]
[20, 'res11*', 3, 0.0, 26.224999999999998, 26.224999999999998, 2]
[30, 'res11*', 3, 0.0, 26.224999999999998, 26.224999999999998, 2]
[10, 'res12', 3, 0.330685347006572, 92.13000000000001, 69.235, 1]
[20, 'res12', 3, 0.15822921932548564, 80.19, 69.235, 1]
[30, 'res12', 3, 0.15822921932548564, 80.19, 69.235, 1]
[10, 'yolo0', 3, 0.18430020283975662, 145.965, 123.25, 1]
[20, 'yolo0', 3, 0.14393509127789053, 140.99, 123.25, 1]
[30, 'yolo0', 3, 0.001906693711967541, 123.485, 123.25, 1]
[10, 'yolo2', 3, 0.01535730002883271, 334.54499999999996, 329.485, 1]
[20, 'yolo2', 3, 0.013748729077196147, 334.015, 329.485, 1]
[30, 'yolo2', 3, 0.0, 329.485, 329.485, 1]
[10, 'yolo4', 3, 0.20456041750301104, 375.07, 311.37499999999994, 1]
[20, 'yolo4', 3, 0.20456041750301104, 375.07, 311.37499999999994, 1]
[30, 'yolo4', 3, 0.03731834604576496, 322.995, 311.37499999999994, 1]
[10, 'yolo5', 3, 0.0, 55.695, 55.695, 1]
[20, 'yolo5', 3, 0.0, 55.695, 55.695, 1]
[30, 'yolo5', 3, 0.0, 55.695, 55.695, 1]
[10, 'yolo8', 3, 0.11559210719207204, 380.495, 341.07, 1]
[20, 'yolo8', 3, 0.0, 341.07, 341.07, 1]
[30, 'yolo8', 3, 0.0, 341.07, 341.07, 1]
[10, 'yolo9', 3, 0.1359081266915369, 77.64500000000001, 68.355, 1]
[20, 'yolo9', 3, 0.1359081266915369, 77.64500000000001, 68.355, 1]
[30, 'yolo9', 3, 0.1359081266915369, 77.64500000000001, 68.355, 1]
[10, 'yolo12', 3, 0.0, 338.88, 338.88, 1]
[20, 'yolo12', 3, 0.0, 338.88, 338.88, 1]
[30, 'yolo12', 3, 0.0, 338.88, 338.88, 1]
[10, 'yolo13', 3, 0.14869798004380608, 94.39999999999999, 82.18, 1]
[20, 'yolo13', 3, 0.009491360428328073, 82.96000000000001, 82.18, 1]
[30, 'yolo13', 3, 0.0, 82.18, 82.18, 1]
[10, 'yolo18', 3, 0.0824868454374068, 384.705, 355.39, 1]
[20, 'yolo18', 3, 0.0, 355.39, 355.39, 1]
[30, 'yolo18', 3, 0.0, 355.39, 355.39, 1]
[10, 'yolo19', 3, 0.0, 97.47, 97.47, 1]
[20, 'yolo19', 3, 0.0, 97.47, 97.47, 1]
[30, 'yolo19', 3, 0.0, 97.47, 97.47, 1]
============== Total Prediction time :: ============

T 2.865137815475464 N 3 per 0.31834864616394043
