working path  /home/yufan/gpu_kernel_design/zeus-ML/new-halfhalf/dir_rs3odd_dataset
working file  Reg.timesForProblem128x27x27_128_3.csv
-------------------------shuffling  Reg.timesForProblem128x27x27_128_3
working file  test_set_rskernel.csv
working file  Reg.timesForProblem512x7x7_512_3.csv
-------------------------shuffling  Reg.timesForProblem512x7x7_512_3
working file  Reg.timesForProblem1024x17x17_512_3.csv
-------------------------shuffling  Reg.timesForProblem1024x17x17_512_3
working file  Reg.timesForProblem128x27x27_64_3.csv
-------------------------shuffling  Reg.timesForProblem128x27x27_64_3
working file  train_set_c_rskernel_test.csv
working file  train_set_c_rskernel.csv
Done shuffling
~~ alt :  1
-------------------------handling  /home/yufan/gpu_kernel_design/zeus-ML/new-halfhalf/dir_rs3odd_dataset/Reg.timesForProblem128x27x27_128_3
~~ alt :  1
-------------------------handling  /home/yufan/gpu_kernel_design/zeus-ML/new-halfhalf/dir_rs3odd_dataset/Reg.timesForProblem512x7x7_512_3
~~ alt :  1
-------------------------handling  /home/yufan/gpu_kernel_design/zeus-ML/new-halfhalf/dir_rs3odd_dataset/Reg.timesForProblem1024x17x17_512_3
~~ alt :  1
-------------------------handling  /home/yufan/gpu_kernel_design/zeus-ML/new-halfhalf/dir_rs3odd_dataset/Reg.timesForProblem128x27x27_64_3
working path  /home/yufan/gpu_kernel_design/zeus-ML/new-halfhalf/dir_rs1odd_dataset
working file  test_set_rskernel.csv
working file  Reg.timesForProblem512x17x17_1024_1.csv
-------------------------shuffling  Reg.timesForProblem512x17x17_1024_1
working file  train_set_c_rskernel_test.csv
working file  train_set_c_rskernel.csv
Done shuffling
~~ alt :  1
-------------------------handling  /home/yufan/gpu_kernel_design/zeus-ML/new-halfhalf/dir_rs1odd_dataset/Reg.timesForProblem512x17x17_1024_1
working path  /home/yufan/gpu_kernel_design/zeus-ML/new-halfhalf/dir_st2_dataset
working file  Reg.timesForProblem512x7x7_256_3.csv
-------------------------shuffling  Reg.timesForProblem512x7x7_256_3
working file  Reg.timesForProblem128x28x28_64_1.csv
-------------------------shuffling  Reg.timesForProblem128x28x28_64_1
working file  test_set_c_rskernel_stride2.csv
working file  Reg.timesForProblem128x28x28_64_3.csv
-------------------------shuffling  Reg.timesForProblem128x28x28_64_3
working file  train_set_c_rskernel_stride2_test.csv
working file  train_set_c_rskernel_stride2.csv
working file  Reg.timesForProblem64x112x112_3_7.csv
-------------------------shuffling  Reg.timesForProblem64x112x112_3_7
working file  Reg.timesForProblem512x7x7_256_1.csv
-------------------------shuffling  Reg.timesForProblem512x7x7_256_1
working file  Reg.timesForProblem256x14x14_128_1.csv
-------------------------shuffling  Reg.timesForProblem256x14x14_128_1
working file  Reg.timesForProblem256x14x14_128_3.csv
-------------------------shuffling  Reg.timesForProblem256x14x14_128_3
Done shuffling
~~ alt :  1
-------------------------handling  /home/yufan/gpu_kernel_design/zeus-ML/new-halfhalf/dir_st2_dataset/Reg.timesForProblem512x7x7_256_3
~~ alt :  1
-------------------------handling  /home/yufan/gpu_kernel_design/zeus-ML/new-halfhalf/dir_st2_dataset/Reg.timesForProblem128x28x28_64_1
~~ alt :  1
-------------------------handling  /home/yufan/gpu_kernel_design/zeus-ML/new-halfhalf/dir_st2_dataset/Reg.timesForProblem128x28x28_64_3
~~ alt :  1
-------------------------handling  /home/yufan/gpu_kernel_design/zeus-ML/new-halfhalf/dir_st2_dataset/Reg.timesForProblem64x112x112_3_7
~~ alt :  1
-------------------------handling  /home/yufan/gpu_kernel_design/zeus-ML/new-halfhalf/dir_st2_dataset/Reg.timesForProblem512x7x7_256_1
~~ alt :  1
-------------------------handling  /home/yufan/gpu_kernel_design/zeus-ML/new-halfhalf/dir_st2_dataset/Reg.timesForProblem256x14x14_128_1
~~ alt :  1
-------------------------handling  /home/yufan/gpu_kernel_design/zeus-ML/new-halfhalf/dir_st2_dataset/Reg.timesForProblem256x14x14_128_3
working path  /home/yufan/gpu_kernel_design/zeus-ML/new-halfhalf/dir_gemm_dataset
working file  Reg.timesForProblem64x56x56_64_1.csv
-------------------------shuffling  Reg.timesForProblem64x56x56_64_1
working file  Reg.timesForProblem128x68x68_256_1.csv
-------------------------shuffling  Reg.timesForProblem128x68x68_256_1
working file  Reg.timesForProblem64x136x136_128_1.csv
-------------------------shuffling  Reg.timesForProblem64x136x136_128_1
working file  Reg.timesForProblem256x34x34_512_1.csv
-------------------------shuffling  Reg.timesForProblem256x34x34_512_1
working file  test_set_gemmkernel.csv
working file  train_set_gemmkernel_test.csv
working file  train_set_gemmkernel.csv
Done shuffling
~~ alt :  1
-------------------------handling  /home/yufan/gpu_kernel_design/zeus-ML/new-halfhalf/dir_gemm_dataset/Reg.timesForProblem64x56x56_64_1
~~ alt :  1
-------------------------handling  /home/yufan/gpu_kernel_design/zeus-ML/new-halfhalf/dir_gemm_dataset/Reg.timesForProblem128x68x68_256_1
~~ alt :  1
-------------------------handling  /home/yufan/gpu_kernel_design/zeus-ML/new-halfhalf/dir_gemm_dataset/Reg.timesForProblem64x136x136_128_1
~~ alt :  1
-------------------------handling  /home/yufan/gpu_kernel_design/zeus-ML/new-halfhalf/dir_gemm_dataset/Reg.timesForProblem256x34x34_512_1
working path  /home/yufan/gpu_kernel_design/zeus-ML/new-halfhalf/dir_rs3_half_dataset
working file  Reg.timesForProblem64x54x54_64_3.csv
-------------------------shuffling  Reg.timesForProblem64x54x54_64_3
working file  Reg.timesForProblem256x14x14_256_3.csv
-------------------------shuffling  Reg.timesForProblem256x14x14_256_3
working file  test_set_rskernel.csv
working file  Reg.timesForProblem512x34x34_256_3.csv
-------------------------shuffling  Reg.timesForProblem512x34x34_256_3
working file  Reg.timesForProblem64x272x272_32_3.csv
-------------------------shuffling  Reg.timesForProblem64x272x272_32_3
working file  Reg.timesForProblem32x108x108_3_3.csv
-------------------------shuffling  Reg.timesForProblem32x108x108_3_3
working file  Reg.timesForProblem64x54x54_32_3.csv
-------------------------shuffling  Reg.timesForProblem64x54x54_32_3
working file  Reg.timesForProblem256x68x68_128_3.csv
-------------------------shuffling  Reg.timesForProblem256x68x68_128_3
working file  Reg.timesForProblem128x136x136_64_3.csv
-------------------------shuffling  Reg.timesForProblem128x136x136_64_3
working file  Reg.timesForProblem32x544x544_3_3.csv
-------------------------shuffling  Reg.timesForProblem32x544x544_3_3
working file  Reg.timesForProblem32x108x108_32_3.csv
-------------------------shuffling  Reg.timesForProblem32x108x108_32_3
working file  Reg.timesForProblem64x56x56_64_3.csv
-------------------------shuffling  Reg.timesForProblem64x56x56_64_3
working file  train_set_c_rskernel_test.csv
working file  train_set_c_rskernel.csv
working file  Reg.timesForProblem128x28x28_128_3.csv
-------------------------shuffling  Reg.timesForProblem128x28x28_128_3
Done shuffling
~~ alt :  1
-------------------------handling  /home/yufan/gpu_kernel_design/zeus-ML/new-halfhalf/dir_rs3_half_dataset/Reg.timesForProblem64x54x54_64_3
~~ alt :  1
-------------------------handling  /home/yufan/gpu_kernel_design/zeus-ML/new-halfhalf/dir_rs3_half_dataset/Reg.timesForProblem256x14x14_256_3
~~ alt :  1
-------------------------handling  /home/yufan/gpu_kernel_design/zeus-ML/new-halfhalf/dir_rs3_half_dataset/Reg.timesForProblem512x34x34_256_3
~~ alt :  1
-------------------------handling  /home/yufan/gpu_kernel_design/zeus-ML/new-halfhalf/dir_rs3_half_dataset/Reg.timesForProblem64x272x272_32_3
~~ alt :  1
-------------------------handling  /home/yufan/gpu_kernel_design/zeus-ML/new-halfhalf/dir_rs3_half_dataset/Reg.timesForProblem32x108x108_3_3
~~ alt :  1
-------------------------handling  /home/yufan/gpu_kernel_design/zeus-ML/new-halfhalf/dir_rs3_half_dataset/Reg.timesForProblem64x54x54_32_3
~~ alt :  1
-------------------------handling  /home/yufan/gpu_kernel_design/zeus-ML/new-halfhalf/dir_rs3_half_dataset/Reg.timesForProblem256x68x68_128_3
~~ alt :  1
-------------------------handling  /home/yufan/gpu_kernel_design/zeus-ML/new-halfhalf/dir_rs3_half_dataset/Reg.timesForProblem128x136x136_64_3
~~ alt :  1
-------------------------handling  /home/yufan/gpu_kernel_design/zeus-ML/new-halfhalf/dir_rs3_half_dataset/Reg.timesForProblem32x544x544_3_3
~~ alt :  1
-------------------------handling  /home/yufan/gpu_kernel_design/zeus-ML/new-halfhalf/dir_rs3_half_dataset/Reg.timesForProblem32x108x108_32_3
~~ alt :  1
-------------------------handling  /home/yufan/gpu_kernel_design/zeus-ML/new-halfhalf/dir_rs3_half_dataset/Reg.timesForProblem64x56x56_64_3
~~ alt :  1
-------------------------handling  /home/yufan/gpu_kernel_design/zeus-ML/new-halfhalf/dir_rs3_half_dataset/Reg.timesForProblem128x28x28_128_3
working path  /home/yufan/gpu_kernel_design/zeus-ML/new-halfhalf/dir_s3_half_dataset
working file  Reg.timesForProblem64x54x54_64_3.csv
-------------------------shuffling  Reg.timesForProblem64x54x54_64_3
working file  Reg.timesForProblem256x14x14_256_3.csv
-------------------------shuffling  Reg.timesForProblem256x14x14_256_3
working file  Reg.timesForProblem512x34x34_256_3.csv
-------------------------shuffling  Reg.timesForProblem512x34x34_256_3
working file  Reg.timesForProblem64x272x272_32_3.csv
-------------------------shuffling  Reg.timesForProblem64x272x272_32_3
working file  train_set_3_skernel_test.csv
working file  Reg.timesForProblem32x108x108_3_3.csv
-------------------------shuffling  Reg.timesForProblem32x108x108_3_3
working file  Reg.timesForProblem64x54x54_32_3.csv
-------------------------shuffling  Reg.timesForProblem64x54x54_32_3
working file  Reg.timesForProblem256x68x68_128_3.csv
-------------------------shuffling  Reg.timesForProblem256x68x68_128_3
working file  Reg.timesForProblem128x136x136_64_3.csv
-------------------------shuffling  Reg.timesForProblem128x136x136_64_3
working file  train_set_3_skernel.csv
working file  Reg.timesForProblem32x544x544_3_3.csv
-------------------------shuffling  Reg.timesForProblem32x544x544_3_3
working file  test_set_3_skernel.csv
working file  Reg.timesForProblem32x108x108_32_3.csv
-------------------------shuffling  Reg.timesForProblem32x108x108_32_3
working file  Reg.timesForProblem64x56x56_64_3.csv
-------------------------shuffling  Reg.timesForProblem64x56x56_64_3
working file  Reg.timesForProblem128x28x28_128_3.csv
-------------------------shuffling  Reg.timesForProblem128x28x28_128_3
Done shuffling
~~ alt :  1
-------------------------handling  /home/yufan/gpu_kernel_design/zeus-ML/new-halfhalf/dir_s3_half_dataset/Reg.timesForProblem64x54x54_64_3
~~ alt :  1
-------------------------handling  /home/yufan/gpu_kernel_design/zeus-ML/new-halfhalf/dir_s3_half_dataset/Reg.timesForProblem256x14x14_256_3
~~ alt :  1
-------------------------handling  /home/yufan/gpu_kernel_design/zeus-ML/new-halfhalf/dir_s3_half_dataset/Reg.timesForProblem512x34x34_256_3
~~ alt :  1
-------------------------handling  /home/yufan/gpu_kernel_design/zeus-ML/new-halfhalf/dir_s3_half_dataset/Reg.timesForProblem64x272x272_32_3
~~ alt :  1
-------------------------handling  /home/yufan/gpu_kernel_design/zeus-ML/new-halfhalf/dir_s3_half_dataset/Reg.timesForProblem32x108x108_3_3
~~ alt :  1
-------------------------handling  /home/yufan/gpu_kernel_design/zeus-ML/new-halfhalf/dir_s3_half_dataset/Reg.timesForProblem64x54x54_32_3
~~ alt :  1
-------------------------handling  /home/yufan/gpu_kernel_design/zeus-ML/new-halfhalf/dir_s3_half_dataset/Reg.timesForProblem256x68x68_128_3
~~ alt :  1
-------------------------handling  /home/yufan/gpu_kernel_design/zeus-ML/new-halfhalf/dir_s3_half_dataset/Reg.timesForProblem128x136x136_64_3
~~ alt :  1
-------------------------handling  /home/yufan/gpu_kernel_design/zeus-ML/new-halfhalf/dir_s3_half_dataset/Reg.timesForProblem32x544x544_3_3
~~ alt :  1
-------------------------handling  /home/yufan/gpu_kernel_design/zeus-ML/new-halfhalf/dir_s3_half_dataset/Reg.timesForProblem32x108x108_32_3
~~ alt :  1
-------------------------handling  /home/yufan/gpu_kernel_design/zeus-ML/new-halfhalf/dir_s3_half_dataset/Reg.timesForProblem64x56x56_64_3
~~ alt :  1
-------------------------handling  /home/yufan/gpu_kernel_design/zeus-ML/new-halfhalf/dir_s3_half_dataset/Reg.timesForProblem128x28x28_128_3
working path  /home/yufan/gpu_kernel_design/zeus-ML/new-halfhalf/dir_rs3_half_dataset
alt : 1
-------------------------handling  /home/yufan/gpu_kernel_design/zeus-ML/new-halfhalf/dir_rs3_half_dataset/train_set_c_rskernel
-------------------------handling  /home/yufan/gpu_kernel_design/zeus-ML/new-halfhalf/dir_rs3_half_dataset/test_set_rskernel
[RandomForestRegressor] seed 17  : The average indp-test avg 0.005847933188222708
[RandomForestRegressor] seed 43  : The average indp-test avg 0.006476101581434085
[RandomForestRegressor] seed 137  : The average indp-test avg 0.006476101581434085
[RandomForestRegressor] seed 269  : The average indp-test avg 0.005847933188222708
[RandomForestRegressor] seed 811  : The average indp-test avg 0.0
alt : 2
-------------------------handling  /home/yufan/gpu_kernel_design/zeus-ML/new-halfhalf/dir_rs3_half_dataset/train_set_c_rskernel
-------------------------handling  /home/yufan/gpu_kernel_design/zeus-ML/new-halfhalf/dir_rs3_half_dataset/test_set_rskernel
[RandomForestRegressor] seed 17  : The average indp-test avg 0.0
[RandomForestRegressor] seed 43  : The average indp-test avg 0.0
[RandomForestRegressor] seed 137  : The average indp-test avg 0.0
[RandomForestRegressor] seed 269  : The average indp-test avg 0.004532087874070239
[RandomForestRegressor] seed 811  : The average indp-test avg 0.0
alt : 3
-------------------------handling  /home/yufan/gpu_kernel_design/zeus-ML/new-halfhalf/dir_rs3_half_dataset/train_set_c_rskernel
-------------------------handling  /home/yufan/gpu_kernel_design/zeus-ML/new-halfhalf/dir_rs3_half_dataset/test_set_rskernel
[RandomForestRegressor] seed 17  : The average indp-test avg 0.0
[RandomForestRegressor] seed 43  : The average indp-test avg 0.0
[RandomForestRegressor] seed 137  : The average indp-test avg 0.0
[RandomForestRegressor] seed 269  : The average indp-test avg 0.004532087874070239
[RandomForestRegressor] seed 811  : The average indp-test avg 0.0
working path  /home/yufan/gpu_kernel_design/zeus-ML/new-halfhalf/dir_st2_dataset
alt : 1
-------------------------handling  /home/yufan/gpu_kernel_design/zeus-ML/new-halfhalf/dir_st2_dataset/train_set_c_rskernel_stride2
-------------------------handling  /home/yufan/gpu_kernel_design/zeus-ML/new-halfhalf/dir_st2_dataset/test_set_c_rskernel_stride2
[RandomForestRegressor] seed 17  : The average indp-test avg 0.0
[RandomForestRegressor] seed 43  : The average indp-test avg 0.0
[RandomForestRegressor] seed 137  : The average indp-test avg 0.0
[RandomForestRegressor] seed 269  : The average indp-test avg 0.0
[RandomForestRegressor] seed 811  : The average indp-test avg 0.0
alt : 2
-------------------------handling  /home/yufan/gpu_kernel_design/zeus-ML/new-halfhalf/dir_st2_dataset/train_set_c_rskernel_stride2
-------------------------handling  /home/yufan/gpu_kernel_design/zeus-ML/new-halfhalf/dir_st2_dataset/test_set_c_rskernel_stride2
[RandomForestRegressor] seed 17  : The average indp-test avg 0.0
[RandomForestRegressor] seed 43  : The average indp-test avg 0.0
[RandomForestRegressor] seed 137  : The average indp-test avg 0.0
[RandomForestRegressor] seed 269  : The average indp-test avg 0.0
[RandomForestRegressor] seed 811  : The average indp-test avg 0.0
alt : 3
-------------------------handling  /home/yufan/gpu_kernel_design/zeus-ML/new-halfhalf/dir_st2_dataset/train_set_c_rskernel_stride2
-------------------------handling  /home/yufan/gpu_kernel_design/zeus-ML/new-halfhalf/dir_st2_dataset/test_set_c_rskernel_stride2
[RandomForestRegressor] seed 17  : The average indp-test avg 0.0
[RandomForestRegressor] seed 43  : The average indp-test avg 0.0
[RandomForestRegressor] seed 137  : The average indp-test avg 0.0
[RandomForestRegressor] seed 269  : The average indp-test avg 0.0
[RandomForestRegressor] seed 811  : The average indp-test avg 0.0
working path  /home/yufan/gpu_kernel_design/zeus-ML/new-halfhalf/dir_gemm_dataset
alt : 1
-------------------------handling  /home/yufan/gpu_kernel_design/zeus-ML/new-halfhalf/dir_gemm_dataset/train_set_gemmkernel
-------------------------handling  /home/yufan/gpu_kernel_design/zeus-ML/new-halfhalf/dir_gemm_dataset/test_set_gemmkernel
[RandomForestRegressor] seed 17  : The average indp-test avg 0.0014775445644732183
[RandomForestRegressor] seed 43  : The average indp-test avg 0.003170252897806568
[RandomForestRegressor] seed 137  : The average indp-test avg 0.003170252897806568
[RandomForestRegressor] seed 269  : The average indp-test avg 0.0014775445644732183
[RandomForestRegressor] seed 811  : The average indp-test avg 0.003170252897806568
alt : 2
-------------------------handling  /home/yufan/gpu_kernel_design/zeus-ML/new-halfhalf/dir_gemm_dataset/train_set_gemmkernel
-------------------------handling  /home/yufan/gpu_kernel_design/zeus-ML/new-halfhalf/dir_gemm_dataset/test_set_gemmkernel
[RandomForestRegressor] seed 17  : The average indp-test avg 0.004037766489168383
[RandomForestRegressor] seed 43  : The average indp-test avg 0.003777349822501716
[RandomForestRegressor] seed 137  : The average indp-test avg 0.004037766489168383
[RandomForestRegressor] seed 269  : The average indp-test avg 0.012905721662142206
[RandomForestRegressor] seed 811  : The average indp-test avg 0.004037766489168383
alt : 3
-------------------------handling  /home/yufan/gpu_kernel_design/zeus-ML/new-halfhalf/dir_gemm_dataset/train_set_gemmkernel
-------------------------handling  /home/yufan/gpu_kernel_design/zeus-ML/new-halfhalf/dir_gemm_dataset/test_set_gemmkernel
[RandomForestRegressor] seed 17  : The average indp-test avg 0.0020789345460451867
[RandomForestRegressor] seed 43  : The average indp-test avg 0.0
[RandomForestRegressor] seed 137  : The average indp-test avg 0.0
[RandomForestRegressor] seed 269  : The average indp-test avg 0.0
[RandomForestRegressor] seed 811  : The average indp-test avg 0.0
working path  /home/yufan/gpu_kernel_design/zeus-ML/new-halfhalf/dir_s3_half_dataset
alt : 1
-------------------------handling  /home/yufan/gpu_kernel_design/zeus-ML/new-halfhalf/dir_s3_half_dataset/train_set_3_skernel
-------------------------handling  /home/yufan/gpu_kernel_design/zeus-ML/new-halfhalf/dir_s3_half_dataset/test_set_3_skernel
[RandomForestRegressor] seed 17  : The average indp-test avg 0.0
[RandomForestRegressor] seed 43  : The average indp-test avg 0.0
[RandomForestRegressor] seed 137  : The average indp-test avg 0.03501945525291829
[RandomForestRegressor] seed 269  : The average indp-test avg 0.0
[RandomForestRegressor] seed 811  : The average indp-test avg 0.03501945525291829
alt : 2
-------------------------handling  /home/yufan/gpu_kernel_design/zeus-ML/new-halfhalf/dir_s3_half_dataset/train_set_3_skernel
-------------------------handling  /home/yufan/gpu_kernel_design/zeus-ML/new-halfhalf/dir_s3_half_dataset/test_set_3_skernel
[RandomForestRegressor] seed 17  : The average indp-test avg 0.0
[RandomForestRegressor] seed 43  : The average indp-test avg 0.0
[RandomForestRegressor] seed 137  : The average indp-test avg 0.0
[RandomForestRegressor] seed 269  : The average indp-test avg 0.0
[RandomForestRegressor] seed 811  : The average indp-test avg 0.0
alt : 3
-------------------------handling  /home/yufan/gpu_kernel_design/zeus-ML/new-halfhalf/dir_s3_half_dataset/train_set_3_skernel
-------------------------handling  /home/yufan/gpu_kernel_design/zeus-ML/new-halfhalf/dir_s3_half_dataset/test_set_3_skernel
[RandomForestRegressor] seed 17  : The average indp-test avg 0.0
[RandomForestRegressor] seed 43  : The average indp-test avg 0.0
[RandomForestRegressor] seed 137  : The average indp-test avg 0.0
[RandomForestRegressor] seed 269  : The average indp-test avg 0.0
[RandomForestRegressor] seed 811  : The average indp-test avg 0.0
========= DONE model building ..... ==============
========= Predicting ..... ==============
working path  /home/yufan/gpu_kernel_design/zeus-ML/new-halfhalf/dir_rs3odd_dataset
working file  Reg.timesForProblem128x27x27_128_3.csv
-------------------------shuffling  Reg.timesForProblem128x27x27_128_3
working file  test_set_rskernel.csv
working file  Reg.timesForProblem512x7x7_512_3.csv
-------------------------shuffling  Reg.timesForProblem512x7x7_512_3
working file  Reg.timesForProblem1024x17x17_512_3.csv
-------------------------shuffling  Reg.timesForProblem1024x17x17_512_3
working file  Reg.timesForProblem128x27x27_64_3.csv
-------------------------shuffling  Reg.timesForProblem128x27x27_64_3
working file  train_set_c_rskernel_test.csv
working file  train_set_c_rskernel.csv
Done shuffling
~~ alt :  1
-------------------------handling  /home/yufan/gpu_kernel_design/zeus-ML/new-halfhalf/dir_rs3odd_dataset/Reg.timesForProblem128x27x27_128_3
~~ alt :  1
-------------------------handling  /home/yufan/gpu_kernel_design/zeus-ML/new-halfhalf/dir_rs3odd_dataset/Reg.timesForProblem512x7x7_512_3
~~ alt :  1
-------------------------handling  /home/yufan/gpu_kernel_design/zeus-ML/new-halfhalf/dir_rs3odd_dataset/Reg.timesForProblem1024x17x17_512_3
~~ alt :  1
-------------------------handling  /home/yufan/gpu_kernel_design/zeus-ML/new-halfhalf/dir_rs3odd_dataset/Reg.timesForProblem128x27x27_64_3
~~ alt :  2
-------------------------handling  /home/yufan/gpu_kernel_design/zeus-ML/new-halfhalf/dir_rs3odd_dataset/Reg.timesForProblem128x27x27_128_3
~~ alt :  2
-------------------------handling  /home/yufan/gpu_kernel_design/zeus-ML/new-halfhalf/dir_rs3odd_dataset/Reg.timesForProblem512x7x7_512_3
~~ alt :  2
-------------------------handling  /home/yufan/gpu_kernel_design/zeus-ML/new-halfhalf/dir_rs3odd_dataset/Reg.timesForProblem1024x17x17_512_3
~~ alt :  2
-------------------------handling  /home/yufan/gpu_kernel_design/zeus-ML/new-halfhalf/dir_rs3odd_dataset/Reg.timesForProblem128x27x27_64_3
~~ alt :  3
-------------------------handling  /home/yufan/gpu_kernel_design/zeus-ML/new-halfhalf/dir_rs3odd_dataset/Reg.timesForProblem128x27x27_128_3
~~ alt :  3
-------------------------handling  /home/yufan/gpu_kernel_design/zeus-ML/new-halfhalf/dir_rs3odd_dataset/Reg.timesForProblem512x7x7_512_3
~~ alt :  3
-------------------------handling  /home/yufan/gpu_kernel_design/zeus-ML/new-halfhalf/dir_rs3odd_dataset/Reg.timesForProblem1024x17x17_512_3
~~ alt :  3
-------------------------handling  /home/yufan/gpu_kernel_design/zeus-ML/new-halfhalf/dir_rs3odd_dataset/Reg.timesForProblem128x27x27_64_3
working path  /home/yufan/gpu_kernel_design/zeus-ML/new-halfhalf/dir_rs1odd_dataset
working file  test_set_rskernel.csv
working file  Reg.timesForProblem512x17x17_1024_1.csv
-------------------------shuffling  Reg.timesForProblem512x17x17_1024_1
working file  train_set_c_rskernel_test.csv
working file  train_set_c_rskernel.csv
Done shuffling
~~ alt :  1
-------------------------handling  /home/yufan/gpu_kernel_design/zeus-ML/new-halfhalf/dir_rs1odd_dataset/Reg.timesForProblem512x17x17_1024_1
~~ alt :  2
-------------------------handling  /home/yufan/gpu_kernel_design/zeus-ML/new-halfhalf/dir_rs1odd_dataset/Reg.timesForProblem512x17x17_1024_1
~~ alt :  3
-------------------------handling  /home/yufan/gpu_kernel_design/zeus-ML/new-halfhalf/dir_rs1odd_dataset/Reg.timesForProblem512x17x17_1024_1
working path  /home/yufan/gpu_kernel_design/zeus-ML/new-halfhalf/dir_st2_dataset
working file  Reg.timesForProblem512x7x7_256_3.csv
-------------------------shuffling  Reg.timesForProblem512x7x7_256_3
working file  Reg.timesForProblem128x28x28_64_1.csv
-------------------------shuffling  Reg.timesForProblem128x28x28_64_1
working file  test_set_c_rskernel_stride2.csv
working file  Reg.timesForProblem128x28x28_64_3.csv
-------------------------shuffling  Reg.timesForProblem128x28x28_64_3
working file  train_set_c_rskernel_stride2_test.csv
working file  train_set_c_rskernel_stride2.csv
working file  Reg.timesForProblem64x112x112_3_7.csv
-------------------------shuffling  Reg.timesForProblem64x112x112_3_7
working file  Reg.timesForProblem512x7x7_256_1.csv
-------------------------shuffling  Reg.timesForProblem512x7x7_256_1
working file  Reg.timesForProblem256x14x14_128_1.csv
-------------------------shuffling  Reg.timesForProblem256x14x14_128_1
working file  Reg.timesForProblem256x14x14_128_3.csv
-------------------------shuffling  Reg.timesForProblem256x14x14_128_3
Done shuffling
~~ alt :  1
-------------------------handling  /home/yufan/gpu_kernel_design/zeus-ML/new-halfhalf/dir_st2_dataset/Reg.timesForProblem512x7x7_256_3
~~ alt :  1
-------------------------handling  /home/yufan/gpu_kernel_design/zeus-ML/new-halfhalf/dir_st2_dataset/Reg.timesForProblem128x28x28_64_1
~~ alt :  1
-------------------------handling  /home/yufan/gpu_kernel_design/zeus-ML/new-halfhalf/dir_st2_dataset/Reg.timesForProblem128x28x28_64_3
~~ alt :  1
-------------------------handling  /home/yufan/gpu_kernel_design/zeus-ML/new-halfhalf/dir_st2_dataset/Reg.timesForProblem64x112x112_3_7
~~ alt :  1
-------------------------handling  /home/yufan/gpu_kernel_design/zeus-ML/new-halfhalf/dir_st2_dataset/Reg.timesForProblem512x7x7_256_1
~~ alt :  1
-------------------------handling  /home/yufan/gpu_kernel_design/zeus-ML/new-halfhalf/dir_st2_dataset/Reg.timesForProblem256x14x14_128_1
~~ alt :  1
-------------------------handling  /home/yufan/gpu_kernel_design/zeus-ML/new-halfhalf/dir_st2_dataset/Reg.timesForProblem256x14x14_128_3
~~ alt :  2
-------------------------handling  /home/yufan/gpu_kernel_design/zeus-ML/new-halfhalf/dir_st2_dataset/Reg.timesForProblem512x7x7_256_3
~~ alt :  2
-------------------------handling  /home/yufan/gpu_kernel_design/zeus-ML/new-halfhalf/dir_st2_dataset/Reg.timesForProblem128x28x28_64_1
~~ alt :  2
-------------------------handling  /home/yufan/gpu_kernel_design/zeus-ML/new-halfhalf/dir_st2_dataset/Reg.timesForProblem128x28x28_64_3
~~ alt :  2
-------------------------handling  /home/yufan/gpu_kernel_design/zeus-ML/new-halfhalf/dir_st2_dataset/Reg.timesForProblem64x112x112_3_7
~~ alt :  2
-------------------------handling  /home/yufan/gpu_kernel_design/zeus-ML/new-halfhalf/dir_st2_dataset/Reg.timesForProblem512x7x7_256_1
~~ alt :  2
-------------------------handling  /home/yufan/gpu_kernel_design/zeus-ML/new-halfhalf/dir_st2_dataset/Reg.timesForProblem256x14x14_128_1
~~ alt :  2
-------------------------handling  /home/yufan/gpu_kernel_design/zeus-ML/new-halfhalf/dir_st2_dataset/Reg.timesForProblem256x14x14_128_3
~~ alt :  3
-------------------------handling  /home/yufan/gpu_kernel_design/zeus-ML/new-halfhalf/dir_st2_dataset/Reg.timesForProblem512x7x7_256_3
~~ alt :  3
-------------------------handling  /home/yufan/gpu_kernel_design/zeus-ML/new-halfhalf/dir_st2_dataset/Reg.timesForProblem128x28x28_64_1
~~ alt :  3
-------------------------handling  /home/yufan/gpu_kernel_design/zeus-ML/new-halfhalf/dir_st2_dataset/Reg.timesForProblem128x28x28_64_3
~~ alt :  3
-------------------------handling  /home/yufan/gpu_kernel_design/zeus-ML/new-halfhalf/dir_st2_dataset/Reg.timesForProblem64x112x112_3_7
~~ alt :  3
-------------------------handling  /home/yufan/gpu_kernel_design/zeus-ML/new-halfhalf/dir_st2_dataset/Reg.timesForProblem512x7x7_256_1
~~ alt :  3
-------------------------handling  /home/yufan/gpu_kernel_design/zeus-ML/new-halfhalf/dir_st2_dataset/Reg.timesForProblem256x14x14_128_1
~~ alt :  3
-------------------------handling  /home/yufan/gpu_kernel_design/zeus-ML/new-halfhalf/dir_st2_dataset/Reg.timesForProblem256x14x14_128_3
working path  /home/yufan/gpu_kernel_design/zeus-ML/new-halfhalf/dir_rs3_half_dataset
working file  Reg.timesForProblem64x54x54_64_3.csv
-------------------------shuffling  Reg.timesForProblem64x54x54_64_3
working file  Reg.timesForProblem256x14x14_256_3.csv
-------------------------shuffling  Reg.timesForProblem256x14x14_256_3
working file  test_set_rskernel.csv
working file  Reg.timesForProblem512x34x34_256_3.csv
-------------------------shuffling  Reg.timesForProblem512x34x34_256_3
working file  Reg.timesForProblem64x272x272_32_3.csv
-------------------------shuffling  Reg.timesForProblem64x272x272_32_3
working file  Reg.timesForProblem32x108x108_3_3.csv
-------------------------shuffling  Reg.timesForProblem32x108x108_3_3
working file  Reg.timesForProblem64x54x54_32_3.csv
-------------------------shuffling  Reg.timesForProblem64x54x54_32_3
working file  Reg.timesForProblem256x68x68_128_3.csv
-------------------------shuffling  Reg.timesForProblem256x68x68_128_3
working file  Reg.timesForProblem128x136x136_64_3.csv
-------------------------shuffling  Reg.timesForProblem128x136x136_64_3
working file  Reg.timesForProblem32x544x544_3_3.csv
-------------------------shuffling  Reg.timesForProblem32x544x544_3_3
working file  Reg.timesForProblem32x108x108_32_3.csv
-------------------------shuffling  Reg.timesForProblem32x108x108_32_3
working file  Reg.timesForProblem64x56x56_64_3.csv
-------------------------shuffling  Reg.timesForProblem64x56x56_64_3
working file  train_set_c_rskernel_test.csv
working file  train_set_c_rskernel.csv
working file  Reg.timesForProblem128x28x28_128_3.csv
-------------------------shuffling  Reg.timesForProblem128x28x28_128_3
Done shuffling
~~ alt :  1
-------------------------handling  /home/yufan/gpu_kernel_design/zeus-ML/new-halfhalf/dir_rs3_half_dataset/Reg.timesForProblem64x54x54_64_3
~~ alt :  1
-------------------------handling  /home/yufan/gpu_kernel_design/zeus-ML/new-halfhalf/dir_rs3_half_dataset/Reg.timesForProblem256x14x14_256_3
~~ alt :  1
-------------------------handling  /home/yufan/gpu_kernel_design/zeus-ML/new-halfhalf/dir_rs3_half_dataset/Reg.timesForProblem512x34x34_256_3
~~ alt :  1
-------------------------handling  /home/yufan/gpu_kernel_design/zeus-ML/new-halfhalf/dir_rs3_half_dataset/Reg.timesForProblem64x272x272_32_3
~~ alt :  1
-------------------------handling  /home/yufan/gpu_kernel_design/zeus-ML/new-halfhalf/dir_rs3_half_dataset/Reg.timesForProblem32x108x108_3_3
~~ alt :  1
-------------------------handling  /home/yufan/gpu_kernel_design/zeus-ML/new-halfhalf/dir_rs3_half_dataset/Reg.timesForProblem64x54x54_32_3
~~ alt :  1
-------------------------handling  /home/yufan/gpu_kernel_design/zeus-ML/new-halfhalf/dir_rs3_half_dataset/Reg.timesForProblem256x68x68_128_3
~~ alt :  1
-------------------------handling  /home/yufan/gpu_kernel_design/zeus-ML/new-halfhalf/dir_rs3_half_dataset/Reg.timesForProblem128x136x136_64_3
~~ alt :  1
-------------------------handling  /home/yufan/gpu_kernel_design/zeus-ML/new-halfhalf/dir_rs3_half_dataset/Reg.timesForProblem32x544x544_3_3
~~ alt :  1
-------------------------handling  /home/yufan/gpu_kernel_design/zeus-ML/new-halfhalf/dir_rs3_half_dataset/Reg.timesForProblem32x108x108_32_3
~~ alt :  1
-------------------------handling  /home/yufan/gpu_kernel_design/zeus-ML/new-halfhalf/dir_rs3_half_dataset/Reg.timesForProblem64x56x56_64_3
~~ alt :  1
-------------------------handling  /home/yufan/gpu_kernel_design/zeus-ML/new-halfhalf/dir_rs3_half_dataset/Reg.timesForProblem128x28x28_128_3
~~ alt :  2
-------------------------handling  /home/yufan/gpu_kernel_design/zeus-ML/new-halfhalf/dir_rs3_half_dataset/Reg.timesForProblem64x54x54_64_3
~~ alt :  2
-------------------------handling  /home/yufan/gpu_kernel_design/zeus-ML/new-halfhalf/dir_rs3_half_dataset/Reg.timesForProblem256x14x14_256_3
~~ alt :  2
-------------------------handling  /home/yufan/gpu_kernel_design/zeus-ML/new-halfhalf/dir_rs3_half_dataset/Reg.timesForProblem512x34x34_256_3
~~ alt :  2
-------------------------handling  /home/yufan/gpu_kernel_design/zeus-ML/new-halfhalf/dir_rs3_half_dataset/Reg.timesForProblem64x272x272_32_3
~~ alt :  2
-------------------------handling  /home/yufan/gpu_kernel_design/zeus-ML/new-halfhalf/dir_rs3_half_dataset/Reg.timesForProblem32x108x108_3_3
~~ alt :  2
-------------------------handling  /home/yufan/gpu_kernel_design/zeus-ML/new-halfhalf/dir_rs3_half_dataset/Reg.timesForProblem64x54x54_32_3
~~ alt :  2
-------------------------handling  /home/yufan/gpu_kernel_design/zeus-ML/new-halfhalf/dir_rs3_half_dataset/Reg.timesForProblem256x68x68_128_3
~~ alt :  2
-------------------------handling  /home/yufan/gpu_kernel_design/zeus-ML/new-halfhalf/dir_rs3_half_dataset/Reg.timesForProblem128x136x136_64_3
~~ alt :  2
-------------------------handling  /home/yufan/gpu_kernel_design/zeus-ML/new-halfhalf/dir_rs3_half_dataset/Reg.timesForProblem32x544x544_3_3
~~ alt :  2
-------------------------handling  /home/yufan/gpu_kernel_design/zeus-ML/new-halfhalf/dir_rs3_half_dataset/Reg.timesForProblem32x108x108_32_3
~~ alt :  2
-------------------------handling  /home/yufan/gpu_kernel_design/zeus-ML/new-halfhalf/dir_rs3_half_dataset/Reg.timesForProblem64x56x56_64_3
~~ alt :  2
-------------------------handling  /home/yufan/gpu_kernel_design/zeus-ML/new-halfhalf/dir_rs3_half_dataset/Reg.timesForProblem128x28x28_128_3
~~ alt :  3
-------------------------handling  /home/yufan/gpu_kernel_design/zeus-ML/new-halfhalf/dir_rs3_half_dataset/Reg.timesForProblem64x54x54_64_3
~~ alt :  3
-------------------------handling  /home/yufan/gpu_kernel_design/zeus-ML/new-halfhalf/dir_rs3_half_dataset/Reg.timesForProblem256x14x14_256_3
~~ alt :  3
-------------------------handling  /home/yufan/gpu_kernel_design/zeus-ML/new-halfhalf/dir_rs3_half_dataset/Reg.timesForProblem512x34x34_256_3
~~ alt :  3
-------------------------handling  /home/yufan/gpu_kernel_design/zeus-ML/new-halfhalf/dir_rs3_half_dataset/Reg.timesForProblem64x272x272_32_3
~~ alt :  3
-------------------------handling  /home/yufan/gpu_kernel_design/zeus-ML/new-halfhalf/dir_rs3_half_dataset/Reg.timesForProblem32x108x108_3_3
~~ alt :  3
-------------------------handling  /home/yufan/gpu_kernel_design/zeus-ML/new-halfhalf/dir_rs3_half_dataset/Reg.timesForProblem64x54x54_32_3
~~ alt :  3
-------------------------handling  /home/yufan/gpu_kernel_design/zeus-ML/new-halfhalf/dir_rs3_half_dataset/Reg.timesForProblem256x68x68_128_3
~~ alt :  3
-------------------------handling  /home/yufan/gpu_kernel_design/zeus-ML/new-halfhalf/dir_rs3_half_dataset/Reg.timesForProblem128x136x136_64_3
~~ alt :  3
-------------------------handling  /home/yufan/gpu_kernel_design/zeus-ML/new-halfhalf/dir_rs3_half_dataset/Reg.timesForProblem32x544x544_3_3
~~ alt :  3
-------------------------handling  /home/yufan/gpu_kernel_design/zeus-ML/new-halfhalf/dir_rs3_half_dataset/Reg.timesForProblem32x108x108_32_3
~~ alt :  3
-------------------------handling  /home/yufan/gpu_kernel_design/zeus-ML/new-halfhalf/dir_rs3_half_dataset/Reg.timesForProblem64x56x56_64_3
~~ alt :  3
-------------------------handling  /home/yufan/gpu_kernel_design/zeus-ML/new-halfhalf/dir_rs3_half_dataset/Reg.timesForProblem128x28x28_128_3
working path  /home/yufan/gpu_kernel_design/zeus-ML/new-halfhalf/dir_s3_half_dataset
working file  Reg.timesForProblem64x54x54_64_3.csv
-------------------------shuffling  Reg.timesForProblem64x54x54_64_3
working file  Reg.timesForProblem256x14x14_256_3.csv
-------------------------shuffling  Reg.timesForProblem256x14x14_256_3
working file  Reg.timesForProblem512x34x34_256_3.csv
-------------------------shuffling  Reg.timesForProblem512x34x34_256_3
working file  Reg.timesForProblem64x272x272_32_3.csv
-------------------------shuffling  Reg.timesForProblem64x272x272_32_3
working file  train_set_3_skernel_test.csv
working file  Reg.timesForProblem32x108x108_3_3.csv
-------------------------shuffling  Reg.timesForProblem32x108x108_3_3
working file  Reg.timesForProblem64x54x54_32_3.csv
-------------------------shuffling  Reg.timesForProblem64x54x54_32_3
working file  Reg.timesForProblem256x68x68_128_3.csv
-------------------------shuffling  Reg.timesForProblem256x68x68_128_3
working file  Reg.timesForProblem128x136x136_64_3.csv
-------------------------shuffling  Reg.timesForProblem128x136x136_64_3
working file  train_set_3_skernel.csv
working file  Reg.timesForProblem32x544x544_3_3.csv
-------------------------shuffling  Reg.timesForProblem32x544x544_3_3
working file  test_set_3_skernel.csv
working file  Reg.timesForProblem32x108x108_32_3.csv
-------------------------shuffling  Reg.timesForProblem32x108x108_32_3
working file  Reg.timesForProblem64x56x56_64_3.csv
-------------------------shuffling  Reg.timesForProblem64x56x56_64_3
working file  Reg.timesForProblem128x28x28_128_3.csv
-------------------------shuffling  Reg.timesForProblem128x28x28_128_3
Done shuffling
~~ alt :  1
-------------------------handling  /home/yufan/gpu_kernel_design/zeus-ML/new-halfhalf/dir_s3_half_dataset/Reg.timesForProblem64x54x54_64_3
~~ alt :  1
-------------------------handling  /home/yufan/gpu_kernel_design/zeus-ML/new-halfhalf/dir_s3_half_dataset/Reg.timesForProblem256x14x14_256_3
~~ alt :  1
-------------------------handling  /home/yufan/gpu_kernel_design/zeus-ML/new-halfhalf/dir_s3_half_dataset/Reg.timesForProblem512x34x34_256_3
~~ alt :  1
-------------------------handling  /home/yufan/gpu_kernel_design/zeus-ML/new-halfhalf/dir_s3_half_dataset/Reg.timesForProblem64x272x272_32_3
~~ alt :  1
-------------------------handling  /home/yufan/gpu_kernel_design/zeus-ML/new-halfhalf/dir_s3_half_dataset/Reg.timesForProblem32x108x108_3_3
~~ alt :  1
-------------------------handling  /home/yufan/gpu_kernel_design/zeus-ML/new-halfhalf/dir_s3_half_dataset/Reg.timesForProblem64x54x54_32_3
~~ alt :  1
-------------------------handling  /home/yufan/gpu_kernel_design/zeus-ML/new-halfhalf/dir_s3_half_dataset/Reg.timesForProblem256x68x68_128_3
~~ alt :  1
-------------------------handling  /home/yufan/gpu_kernel_design/zeus-ML/new-halfhalf/dir_s3_half_dataset/Reg.timesForProblem128x136x136_64_3
~~ alt :  1
-------------------------handling  /home/yufan/gpu_kernel_design/zeus-ML/new-halfhalf/dir_s3_half_dataset/Reg.timesForProblem32x544x544_3_3
~~ alt :  1
-------------------------handling  /home/yufan/gpu_kernel_design/zeus-ML/new-halfhalf/dir_s3_half_dataset/Reg.timesForProblem32x108x108_32_3
~~ alt :  1
-------------------------handling  /home/yufan/gpu_kernel_design/zeus-ML/new-halfhalf/dir_s3_half_dataset/Reg.timesForProblem64x56x56_64_3
~~ alt :  1
-------------------------handling  /home/yufan/gpu_kernel_design/zeus-ML/new-halfhalf/dir_s3_half_dataset/Reg.timesForProblem128x28x28_128_3
~~ alt :  2
-------------------------handling  /home/yufan/gpu_kernel_design/zeus-ML/new-halfhalf/dir_s3_half_dataset/Reg.timesForProblem64x54x54_64_3
~~ alt :  2
-------------------------handling  /home/yufan/gpu_kernel_design/zeus-ML/new-halfhalf/dir_s3_half_dataset/Reg.timesForProblem256x14x14_256_3
~~ alt :  2
-------------------------handling  /home/yufan/gpu_kernel_design/zeus-ML/new-halfhalf/dir_s3_half_dataset/Reg.timesForProblem512x34x34_256_3
~~ alt :  2
-------------------------handling  /home/yufan/gpu_kernel_design/zeus-ML/new-halfhalf/dir_s3_half_dataset/Reg.timesForProblem64x272x272_32_3
~~ alt :  2
-------------------------handling  /home/yufan/gpu_kernel_design/zeus-ML/new-halfhalf/dir_s3_half_dataset/Reg.timesForProblem32x108x108_3_3
~~ alt :  2
-------------------------handling  /home/yufan/gpu_kernel_design/zeus-ML/new-halfhalf/dir_s3_half_dataset/Reg.timesForProblem64x54x54_32_3
~~ alt :  2
-------------------------handling  /home/yufan/gpu_kernel_design/zeus-ML/new-halfhalf/dir_s3_half_dataset/Reg.timesForProblem256x68x68_128_3
~~ alt :  2
-------------------------handling  /home/yufan/gpu_kernel_design/zeus-ML/new-halfhalf/dir_s3_half_dataset/Reg.timesForProblem128x136x136_64_3
~~ alt :  2
-------------------------handling  /home/yufan/gpu_kernel_design/zeus-ML/new-halfhalf/dir_s3_half_dataset/Reg.timesForProblem32x544x544_3_3
~~ alt :  2
-------------------------handling  /home/yufan/gpu_kernel_design/zeus-ML/new-halfhalf/dir_s3_half_dataset/Reg.timesForProblem32x108x108_32_3
~~ alt :  2
-------------------------handling  /home/yufan/gpu_kernel_design/zeus-ML/new-halfhalf/dir_s3_half_dataset/Reg.timesForProblem64x56x56_64_3
~~ alt :  2
-------------------------handling  /home/yufan/gpu_kernel_design/zeus-ML/new-halfhalf/dir_s3_half_dataset/Reg.timesForProblem128x28x28_128_3
~~ alt :  3
-------------------------handling  /home/yufan/gpu_kernel_design/zeus-ML/new-halfhalf/dir_s3_half_dataset/Reg.timesForProblem64x54x54_64_3
~~ alt :  3
-------------------------handling  /home/yufan/gpu_kernel_design/zeus-ML/new-halfhalf/dir_s3_half_dataset/Reg.timesForProblem256x14x14_256_3
~~ alt :  3
-------------------------handling  /home/yufan/gpu_kernel_design/zeus-ML/new-halfhalf/dir_s3_half_dataset/Reg.timesForProblem512x34x34_256_3
~~ alt :  3
-------------------------handling  /home/yufan/gpu_kernel_design/zeus-ML/new-halfhalf/dir_s3_half_dataset/Reg.timesForProblem64x272x272_32_3
~~ alt :  3
-------------------------handling  /home/yufan/gpu_kernel_design/zeus-ML/new-halfhalf/dir_s3_half_dataset/Reg.timesForProblem32x108x108_3_3
~~ alt :  3
-------------------------handling  /home/yufan/gpu_kernel_design/zeus-ML/new-halfhalf/dir_s3_half_dataset/Reg.timesForProblem64x54x54_32_3
~~ alt :  3
-------------------------handling  /home/yufan/gpu_kernel_design/zeus-ML/new-halfhalf/dir_s3_half_dataset/Reg.timesForProblem256x68x68_128_3
~~ alt :  3
-------------------------handling  /home/yufan/gpu_kernel_design/zeus-ML/new-halfhalf/dir_s3_half_dataset/Reg.timesForProblem128x136x136_64_3
~~ alt :  3
-------------------------handling  /home/yufan/gpu_kernel_design/zeus-ML/new-halfhalf/dir_s3_half_dataset/Reg.timesForProblem32x544x544_3_3
~~ alt :  3
-------------------------handling  /home/yufan/gpu_kernel_design/zeus-ML/new-halfhalf/dir_s3_half_dataset/Reg.timesForProblem32x108x108_32_3
~~ alt :  3
-------------------------handling  /home/yufan/gpu_kernel_design/zeus-ML/new-halfhalf/dir_s3_half_dataset/Reg.timesForProblem64x56x56_64_3
~~ alt :  3
-------------------------handling  /home/yufan/gpu_kernel_design/zeus-ML/new-halfhalf/dir_s3_half_dataset/Reg.timesForProblem128x28x28_128_3
working path  /home/yufan/gpu_kernel_design/zeus-ML/new-halfhalf/dir_gemm_dataset
working file  Reg.timesForProblem64x56x56_64_1.csv
-------------------------shuffling  Reg.timesForProblem64x56x56_64_1
working file  Reg.timesForProblem128x68x68_256_1.csv
-------------------------shuffling  Reg.timesForProblem128x68x68_256_1
working file  Reg.timesForProblem64x136x136_128_1.csv
-------------------------shuffling  Reg.timesForProblem64x136x136_128_1
working file  Reg.timesForProblem256x34x34_512_1.csv
-------------------------shuffling  Reg.timesForProblem256x34x34_512_1
working file  test_set_gemmkernel.csv
working file  train_set_gemmkernel_test.csv
working file  train_set_gemmkernel.csv
Done shuffling
~~ alt :  1
-------------------------handling  /home/yufan/gpu_kernel_design/zeus-ML/new-halfhalf/dir_gemm_dataset/Reg.timesForProblem64x56x56_64_1
~~ alt :  1
-------------------------handling  /home/yufan/gpu_kernel_design/zeus-ML/new-halfhalf/dir_gemm_dataset/Reg.timesForProblem128x68x68_256_1
~~ alt :  1
-------------------------handling  /home/yufan/gpu_kernel_design/zeus-ML/new-halfhalf/dir_gemm_dataset/Reg.timesForProblem64x136x136_128_1
~~ alt :  1
-------------------------handling  /home/yufan/gpu_kernel_design/zeus-ML/new-halfhalf/dir_gemm_dataset/Reg.timesForProblem256x34x34_512_1
~~ alt :  2
-------------------------handling  /home/yufan/gpu_kernel_design/zeus-ML/new-halfhalf/dir_gemm_dataset/Reg.timesForProblem64x56x56_64_1
~~ alt :  2
-------------------------handling  /home/yufan/gpu_kernel_design/zeus-ML/new-halfhalf/dir_gemm_dataset/Reg.timesForProblem128x68x68_256_1
~~ alt :  2
-------------------------handling  /home/yufan/gpu_kernel_design/zeus-ML/new-halfhalf/dir_gemm_dataset/Reg.timesForProblem64x136x136_128_1
~~ alt :  2
-------------------------handling  /home/yufan/gpu_kernel_design/zeus-ML/new-halfhalf/dir_gemm_dataset/Reg.timesForProblem256x34x34_512_1
~~ alt :  3
-------------------------handling  /home/yufan/gpu_kernel_design/zeus-ML/new-halfhalf/dir_gemm_dataset/Reg.timesForProblem64x56x56_64_1
~~ alt :  3
-------------------------handling  /home/yufan/gpu_kernel_design/zeus-ML/new-halfhalf/dir_gemm_dataset/Reg.timesForProblem128x68x68_256_1
~~ alt :  3
-------------------------handling  /home/yufan/gpu_kernel_design/zeus-ML/new-halfhalf/dir_gemm_dataset/Reg.timesForProblem64x136x136_128_1
~~ alt :  3
-------------------------handling  /home/yufan/gpu_kernel_design/zeus-ML/new-halfhalf/dir_gemm_dataset/Reg.timesForProblem256x34x34_512_1
========= Predicting DONE..... ==============
============== final result :: ============
============== Pure ANA :: ============
[30, 'defo1', -1, 0.0, 0.01142, 0.01142, 1]
[30, 'defo2', -1, 0.18497694816147522, 0.05269, 0.044465000000000005, 1]
[30, 'defo3', -1, 0.30463797130463804, 0.0391, 0.02997, 1]
[30, 'defo4', -1, 0.510874293170944, 0.06947, 0.04598, 1]
[30, 'defo5', -1, 0.27646129541864145, 0.0404, 0.03165, 1]
[30, 'defo6', -1, 0.18763523956723344, 0.05763, 0.048525, 1]
[30, 'res1*', -1, 0.0, 0.046704999999999997, 0.046704999999999997, 2]
[30, 'res2', -1, 0.7360703812316713, 0.07991999999999999, 0.046035, 1]
[30, 'res3', -1, 2.3617021276595738, 0.03555, 0.010575000000000001, 1]
[30, 'res4*', -1, 0.10141643059490085, 0.03888, 0.0353, 2]
[30, 'res5*', -1, 0.9216981132075471, 0.04074, 0.0212, 2]
[30, 'res6', -1, 1.0548495709786032, 0.094595, 0.046035, 1]
[30, 'res7*', -1, 0.010921310557266913, 0.0361, 0.03571, 2]
[30, 'res8*', -1, 1.4173748819641172, 0.0512, 0.02118, 2]
[30, 'res9', -1, 1.2181449569183982, 0.10941, 0.049325, 1]
[30, 'res10*', -1, 0.15182515694024648, 0.04954, 0.04301, 2]
[30, 'res11*', -1, 0.26177311725452823, 0.03309, 0.026225, 2]
[30, 'res12', -1, 0.021448689246768255, 0.07072, 0.069235, 1]
[30, 'yolo0', -1, 0.22393509127789035, 0.15084999999999998, 0.12325, 1]
[30, 'yolo2', -1, 0.1937265732886169, 0.39331499999999997, 0.32948500000000003, 1]
[30, 'yolo4', -1, 0.12960256924929758, 0.35173, 0.31137499999999996, 1]
[30, 'yolo5', -1, 0.6988957716132507, 0.09462, 0.055695, 1]
[30, 'yolo8', -1, 0.004515202157914756, 0.34260999999999997, 0.34107, 1]
[30, 'yolo9', -1, 1.2009362884938921, 0.150445, 0.068355, 1]
[30, 'yolo12', -1, 0.0, 0.33888, 0.33888, 1]
[30, 'yolo13', -1, 1.0565831102458016, 0.16901, 0.08218, 1]
[30, 'yolo18', -1, 0.0, 0.35539, 0.35539, 1]
[30, 'yolo19', -1, 0.0, 0.09747, 0.09747, 1]
============== Pure ML :: ============
[30, 'defo1', 1, 0.0, 11.42, 11.42, 1]
[30, 'defo2', 1, 0.032385021927358544, 45.905, 44.465, 1]
[30, 'defo3', 1, 0.06773440106773444, 32.0, 29.97, 1]
[30, 'defo4', 1, 0.053392779469334614, 48.435, 45.98, 1]
[30, 'defo5', 1, 0.0, 31.65, 31.65, 1]
[30, 'defo6', 1, 0.0, 48.525, 48.525, 1]
[30, 'res1*', 1, 0.0006423295150412405, 46.735, 46.705, 2]
[30, 'res2', 1, 0.0, 46.035, 46.035, 1]
[30, 'res3', 1, 0.3451536643026003, 14.225, 10.575000000000001, 1]
[30, 'res4*', 1, 0.028045325779037088, 36.290000000000006, 35.3, 2]
[30, 'res5*', 1, 0.03113207547169812, 21.86, 21.2, 2]
[30, 'res6', 1, 0.0, 46.035, 46.035, 1]
[30, 'res7*', 1, 0.0, 35.71, 35.71, 2]
[30, 'res8*', 1, 0.0, 21.18, 21.18, 2]
[30, 'res9', 1, 0.0, 49.325, 49.325, 1]
[30, 'res10*', 1, 1.4768658451522902, 106.53, 43.01, 2]
[30, 'res11*', 1, 0.6861773117254529, 44.22, 26.224999999999998, 2]
[30, 'res12', 1, 0.0, 69.235, 69.235, 1]
[30, 'yolo0', 1, 0.035294117647058774, 127.6, 123.25, 1]
[30, 'yolo2', 1, 0.0, 329.485, 329.485, 1]
[30, 'yolo4', 1, 0.0, 311.37499999999994, 311.37499999999994, 1]
[30, 'yolo5', 1, 0.38127300475805714, 76.92999999999999, 55.695, 1]
[30, 'yolo8', 1, 0.0, 341.07, 341.07, 1]
[30, 'yolo9', 1, 0.13759052007899913, 77.75999999999999, 68.355, 1]
[30, 'yolo12', 1, 0.0, 338.88, 338.88, 1]
[30, 'yolo13', 1, 0.5645534193234361, 128.575, 82.18, 1]
[30, 'yolo18', 1, 0.0, 355.39, 355.39, 1]
[30, 'yolo19', 1, 0.0, 97.47, 97.47, 1]
============== Pure ext_HYB :: ============
[30, 'defo1', 3, 0.0, 11.42, 11.42, 1]
[30, 'defo2', 3, 0.03339705386258838, 45.949999999999996, 44.465, 1]
[30, 'defo3', 3, 0.0, 29.97, 29.97, 1]
[30, 'defo4', 3, 0.027620704654197546, 47.25, 45.98, 1]
[30, 'defo5', 3, 0.0, 31.65, 31.65, 1]
[30, 'defo6', 3, 0.0, 48.525, 48.525, 1]
[30, 'res1*', 3, 0.0, 46.705, 46.705, 2]
[30, 'res2', 3, 0.04442272184207672, 48.08, 46.035, 1]
[30, 'res3', 3, 0.2680851063829786, 13.41, 10.575000000000001, 1]
[30, 'res4*', 3, 0.020679886685552522, 36.03, 35.3, 2]
[30, 'res5*', 3, 0.0, 21.2, 21.2, 2]
[30, 'res6', 3, 0.0057564896274575365, 46.300000000000004, 46.035, 1]
[30, 'res7*', 3, 0.0, 35.71, 35.71, 2]
[30, 'res8*', 3, 0.0, 21.18, 21.18, 2]
[30, 'res9', 3, 0.0039533705017739534, 49.52, 49.325, 1]
[30, 'res10*', 3, 0.0, 43.01, 43.01, 2]
[30, 'res11*', 3, 0.0, 26.224999999999998, 26.224999999999998, 2]
[30, 'res12', 3, 0.0, 69.235, 69.235, 1]
[30, 'yolo0', 3, 0.001906693711967541, 123.485, 123.25, 1]
[30, 'yolo2', 3, 0.0, 329.485, 329.485, 1]
[30, 'yolo4', 3, 0.03731834604576496, 322.995, 311.37499999999994, 1]
[30, 'yolo5', 3, 0.0, 55.695, 55.695, 1]
[30, 'yolo8', 3, 0.0, 341.07, 341.07, 1]
[30, 'yolo9', 3, 0.11820642235388776, 76.435, 68.355, 1]
[30, 'yolo12', 3, 0.0, 338.88, 338.88, 1]
[30, 'yolo13', 3, 0.0, 82.18, 82.18, 1]
[30, 'yolo18', 3, 0.0, 355.39, 355.39, 1]
[30, 'yolo19', 3, 0.0, 97.47, 97.47, 1]
============== Total Prediction time :: ============

T 4.7615838050842285 N 3 per 0.529064867231581
